2024-09-24 09:59:36,151 [Worker-5: Loading available Gradle versions] INFO  o.e.b.c.i.u.g.PublishedGradleVersions - Gradle version information cache is up-to-date. Trying to read.
2024-09-24 10:01:25,592 [Worker-0: Importing Maven projects] INFO  o.e.m.c.i.e.AbstractTransferListenerAdapter - Downloading https://repo.maven.apache.org/maven2/org/springframework/boot/spring-boot-starter-parent/3.2.10/spring-boot-starter-parent-3.2.10.pom
2024-09-24 10:01:25,624 [Worker-0: Importing Maven projects] INFO  o.e.m.c.i.e.AbstractTransferListenerAdapter - Downloaded https://repo.maven.apache.org/maven2/org/springframework/boot/spring-boot-starter-parent/3.2.10/spring-boot-starter-parent-3.2.10.pom
2024-09-24 10:01:25,657 [Worker-0: Importing Maven projects] INFO  o.e.m.c.i.e.AbstractTransferListenerAdapter - Downloading https://repo.maven.apache.org/maven2/org/springframework/boot/spring-boot-dependencies/3.2.10/spring-boot-dependencies-3.2.10.pom
2024-09-24 10:01:25,689 [Worker-0: Importing Maven projects] INFO  o.e.m.c.i.e.AbstractTransferListenerAdapter - Downloaded https://repo.maven.apache.org/maven2/org/springframework/boot/spring-boot-dependencies/3.2.10/spring-boot-dependencies-3.2.10.pom
2024-09-24 10:01:25,822 [Worker-0: Importing Maven projects] INFO  o.e.m.c.i.e.AbstractTransferListenerAdapter - Downloading https://repo.maven.apache.org/maven2/org/apache/groovy/groovy-bom/4.0.23/groovy-bom-4.0.23.pom
2024-09-24 10:01:25,830 [Worker-0: Importing Maven projects] INFO  o.e.m.c.i.e.AbstractTransferListenerAdapter - Downloaded https://repo.maven.apache.org/maven2/org/apache/groovy/groovy-bom/4.0.23/groovy-bom-4.0.23.pom
2024-09-24 10:01:25,881 [Worker-0: Importing Maven projects] INFO  o.e.m.c.i.e.AbstractTransferListenerAdapter - Downloading https://repo.maven.apache.org/maven2/org/infinispan/infinispan-bom/14.0.31.Final/infinispan-bom-14.0.31.Final.pom
2024-09-24 10:01:25,890 [Worker-0: Importing Maven projects] INFO  o.e.m.c.i.e.AbstractTransferListenerAdapter - Downloaded https://repo.maven.apache.org/maven2/org/infinispan/infinispan-bom/14.0.31.Final/infinispan-bom-14.0.31.Final.pom
2024-09-24 10:01:25,919 [Worker-0: Importing Maven projects] INFO  o.e.m.c.i.e.AbstractTransferListenerAdapter - Downloading https://repo.maven.apache.org/maven2/org/infinispan/infinispan-build-configuration-parent/14.0.31.Final/infinispan-build-configuration-parent-14.0.31.Final.pom
2024-09-24 10:01:25,926 [Worker-0: Importing Maven projects] INFO  o.e.m.c.i.e.AbstractTransferListenerAdapter - Downloaded https://repo.maven.apache.org/maven2/org/infinispan/infinispan-build-configuration-parent/14.0.31.Final/infinispan-build-configuration-parent-14.0.31.Final.pom
2024-09-24 10:01:25,999 [Worker-0: Importing Maven projects] INFO  o.e.m.c.i.e.AbstractTransferListenerAdapter - Downloading https://repo.maven.apache.org/maven2/org/eclipse/jetty/ee10/jetty-ee10-bom/12.0.13/jetty-ee10-bom-12.0.13.pom
2024-09-24 10:01:26,005 [Worker-0: Importing Maven projects] INFO  o.e.m.c.i.e.AbstractTransferListenerAdapter - Downloaded https://repo.maven.apache.org/maven2/org/eclipse/jetty/ee10/jetty-ee10-bom/12.0.13/jetty-ee10-bom-12.0.13.pom
2024-09-24 10:01:26,031 [Worker-0: Importing Maven projects] INFO  o.e.m.c.i.e.AbstractTransferListenerAdapter - Downloading https://repo.maven.apache.org/maven2/org/eclipse/jetty/jetty-bom/12.0.13/jetty-bom-12.0.13.pom
2024-09-24 10:01:26,038 [Worker-0: Importing Maven projects] INFO  o.e.m.c.i.e.AbstractTransferListenerAdapter - Downloaded https://repo.maven.apache.org/maven2/org/eclipse/jetty/jetty-bom/12.0.13/jetty-bom-12.0.13.pom
2024-09-24 10:01:26,114 [Worker-0: Importing Maven projects] INFO  o.e.m.c.i.e.AbstractTransferListenerAdapter - Downloading https://repo.maven.apache.org/maven2/io/micrometer/micrometer-bom/1.12.10/micrometer-bom-1.12.10.pom
2024-09-24 10:01:26,121 [Worker-0: Importing Maven projects] INFO  o.e.m.c.i.e.AbstractTransferListenerAdapter - Downloaded https://repo.maven.apache.org/maven2/io/micrometer/micrometer-bom/1.12.10/micrometer-bom-1.12.10.pom
2024-09-24 10:01:26,144 [Worker-0: Importing Maven projects] INFO  o.e.m.c.i.e.AbstractTransferListenerAdapter - Downloading https://repo.maven.apache.org/maven2/io/micrometer/micrometer-tracing-bom/1.2.10/micrometer-tracing-bom-1.2.10.pom
2024-09-24 10:01:26,192 [Worker-0: Importing Maven projects] INFO  o.e.m.c.i.e.AbstractTransferListenerAdapter - Downloaded https://repo.maven.apache.org/maven2/io/micrometer/micrometer-tracing-bom/1.2.10/micrometer-tracing-bom-1.2.10.pom
2024-09-24 10:01:26,267 [Worker-0: Importing Maven projects] INFO  o.e.m.c.i.e.AbstractTransferListenerAdapter - Downloading https://repo.maven.apache.org/maven2/io/netty/netty-bom/4.1.113.Final/netty-bom-4.1.113.Final.pom
2024-09-24 10:01:26,275 [Worker-0: Importing Maven projects] INFO  o.e.m.c.i.e.AbstractTransferListenerAdapter - Downloaded https://repo.maven.apache.org/maven2/io/netty/netty-bom/4.1.113.Final/netty-bom-4.1.113.Final.pom
2024-09-24 10:01:26,320 [Worker-0: Importing Maven projects] INFO  o.e.m.c.i.e.AbstractTransferListenerAdapter - Downloading https://repo.maven.apache.org/maven2/io/projectreactor/reactor-bom/2023.0.10/reactor-bom-2023.0.10.pom
2024-09-24 10:01:26,326 [Worker-0: Importing Maven projects] INFO  o.e.m.c.i.e.AbstractTransferListenerAdapter - Downloaded https://repo.maven.apache.org/maven2/io/projectreactor/reactor-bom/2023.0.10/reactor-bom-2023.0.10.pom
2024-09-24 10:01:26,362 [Worker-0: Importing Maven projects] INFO  o.e.m.c.i.e.AbstractTransferListenerAdapter - Downloading https://repo.maven.apache.org/maven2/org/springframework/data/spring-data-bom/2023.1.10/spring-data-bom-2023.1.10.pom
2024-09-24 10:01:26,367 [Worker-0: Importing Maven projects] INFO  o.e.m.c.i.e.AbstractTransferListenerAdapter - Downloaded https://repo.maven.apache.org/maven2/org/springframework/data/spring-data-bom/2023.1.10/spring-data-bom-2023.1.10.pom
2024-09-24 10:01:26,391 [Worker-0: Importing Maven projects] INFO  o.e.m.c.i.e.AbstractTransferListenerAdapter - Downloading https://repo.maven.apache.org/maven2/org/springframework/spring-framework-bom/6.1.13/spring-framework-bom-6.1.13.pom
2024-09-24 10:01:26,397 [Worker-0: Importing Maven projects] INFO  o.e.m.c.i.e.AbstractTransferListenerAdapter - Downloaded https://repo.maven.apache.org/maven2/org/springframework/spring-framework-bom/6.1.13/spring-framework-bom-6.1.13.pom
2024-09-24 10:01:26,423 [Worker-0: Importing Maven projects] INFO  o.e.m.c.i.e.AbstractTransferListenerAdapter - Downloading https://repo.maven.apache.org/maven2/org/springframework/integration/spring-integration-bom/6.2.9/spring-integration-bom-6.2.9.pom
2024-09-24 10:01:26,429 [Worker-0: Importing Maven projects] INFO  o.e.m.c.i.e.AbstractTransferListenerAdapter - Downloaded https://repo.maven.apache.org/maven2/org/springframework/integration/spring-integration-bom/6.2.9/spring-integration-bom-6.2.9.pom
2024-09-24 10:01:26,451 [Worker-0: Importing Maven projects] INFO  o.e.m.c.i.e.AbstractTransferListenerAdapter - Downloading https://repo.maven.apache.org/maven2/org/springframework/pulsar/spring-pulsar-bom/1.0.10/spring-pulsar-bom-1.0.10.pom
2024-09-24 10:01:26,457 [Worker-0: Importing Maven projects] INFO  o.e.m.c.i.e.AbstractTransferListenerAdapter - Downloaded https://repo.maven.apache.org/maven2/org/springframework/pulsar/spring-pulsar-bom/1.0.10/spring-pulsar-bom-1.0.10.pom
2024-09-24 10:01:27,379 [Worker-0: Importing Maven projects] INFO  o.e.m.c.i.e.AbstractTransferListenerAdapter - Downloading https://repo.maven.apache.org/maven2/org/springframework/boot/spring-boot-maven-plugin/3.2.10/spring-boot-maven-plugin-3.2.10.pom
2024-09-24 10:01:27,386 [Worker-0: Importing Maven projects] INFO  o.e.m.c.i.e.AbstractTransferListenerAdapter - Downloaded https://repo.maven.apache.org/maven2/org/springframework/boot/spring-boot-maven-plugin/3.2.10/spring-boot-maven-plugin-3.2.10.pom
2024-09-24 10:01:27,420 [Worker-0: Importing Maven projects] INFO  o.e.m.c.i.e.AbstractTransferListenerAdapter - Downloading https://repo.maven.apache.org/maven2/org/springframework/boot/spring-boot-maven-plugin/3.2.10/spring-boot-maven-plugin-3.2.10.jar
2024-09-24 10:01:27,435 [Worker-0: Importing Maven projects] INFO  o.e.m.c.i.e.AbstractTransferListenerAdapter - Downloaded https://repo.maven.apache.org/maven2/org/springframework/boot/spring-boot-maven-plugin/3.2.10/spring-boot-maven-plugin-3.2.10.jar
2024-09-24 10:01:29,284 [Worker-0: Importing Maven projects] INFO  o.e.m.c.i.l.LifecycleMappingFactory - Using org.eclipse.m2e.jdt.JarLifecycleMapping lifecycle mapping for MavenProject: com.example:spring-boot-Docker:0.0.1-SNAPSHOT @ C:\Users\Administrator\eclipse-workspace\Spring boot -Docker\spring-boot-Docker\pom.xml.
2024-09-24 10:01:29,321 [Worker-0: Importing Maven projects] INFO  o.e.m.c.i.e.AbstractTransferListenerAdapter - Downloading https://repo.maven.apache.org/maven2/org/springframework/boot/spring-boot-starter-web/3.2.10/spring-boot-starter-web-3.2.10.pom
2024-09-24 10:01:29,338 [Worker-0: Importing Maven projects] INFO  o.e.m.c.i.e.AbstractTransferListenerAdapter - Downloaded https://repo.maven.apache.org/maven2/org/springframework/boot/spring-boot-starter-web/3.2.10/spring-boot-starter-web-3.2.10.pom
2024-09-24 10:01:29,362 [Worker-0: Importing Maven projects] INFO  o.e.m.c.i.e.AbstractTransferListenerAdapter - Downloading https://repo.maven.apache.org/maven2/org/springframework/boot/spring-boot-starter/3.2.10/spring-boot-starter-3.2.10.pom
2024-09-24 10:01:29,381 [Worker-0: Importing Maven projects] INFO  o.e.m.c.i.e.AbstractTransferListenerAdapter - Downloaded https://repo.maven.apache.org/maven2/org/springframework/boot/spring-boot-starter/3.2.10/spring-boot-starter-3.2.10.pom
2024-09-24 10:01:29,403 [Worker-0: Importing Maven projects] INFO  o.e.m.c.i.e.AbstractTransferListenerAdapter - Downloading https://repo.maven.apache.org/maven2/org/springframework/boot/spring-boot/3.2.10/spring-boot-3.2.10.pom
2024-09-24 10:01:29,409 [Worker-0: Importing Maven projects] INFO  o.e.m.c.i.e.AbstractTransferListenerAdapter - Downloaded https://repo.maven.apache.org/maven2/org/springframework/boot/spring-boot/3.2.10/spring-boot-3.2.10.pom
2024-09-24 10:01:29,431 [Worker-0: Importing Maven projects] INFO  o.e.m.c.i.e.AbstractTransferListenerAdapter - Downloading https://repo.maven.apache.org/maven2/org/springframework/spring-core/6.1.13/spring-core-6.1.13.pom
2024-09-24 10:01:29,468 [Worker-0: Importing Maven projects] INFO  o.e.m.c.i.e.AbstractTransferListenerAdapter - Downloaded https://repo.maven.apache.org/maven2/org/springframework/spring-core/6.1.13/spring-core-6.1.13.pom
2024-09-24 10:01:29,492 [Worker-0: Importing Maven projects] INFO  o.e.m.c.i.e.AbstractTransferListenerAdapter - Downloading https://repo.maven.apache.org/maven2/org/springframework/spring-jcl/6.1.13/spring-jcl-6.1.13.pom
2024-09-24 10:01:29,498 [Worker-0: Importing Maven projects] INFO  o.e.m.c.i.e.AbstractTransferListenerAdapter - Downloaded https://repo.maven.apache.org/maven2/org/springframework/spring-jcl/6.1.13/spring-jcl-6.1.13.pom
2024-09-24 10:01:29,519 [Worker-0: Importing Maven projects] INFO  o.e.m.c.i.e.AbstractTransferListenerAdapter - Downloading https://repo.maven.apache.org/maven2/org/springframework/spring-context/6.1.13/spring-context-6.1.13.pom
2024-09-24 10:01:29,525 [Worker-0: Importing Maven projects] INFO  o.e.m.c.i.e.AbstractTransferListenerAdapter - Downloaded https://repo.maven.apache.org/maven2/org/springframework/spring-context/6.1.13/spring-context-6.1.13.pom
2024-09-24 10:01:29,546 [Worker-0: Importing Maven projects] INFO  o.e.m.c.i.e.AbstractTransferListenerAdapter - Downloading https://repo.maven.apache.org/maven2/org/springframework/spring-aop/6.1.13/spring-aop-6.1.13.pom
2024-09-24 10:01:29,552 [Worker-0: Importing Maven projects] INFO  o.e.m.c.i.e.AbstractTransferListenerAdapter - Downloaded https://repo.maven.apache.org/maven2/org/springframework/spring-aop/6.1.13/spring-aop-6.1.13.pom
2024-09-24 10:01:29,573 [Worker-0: Importing Maven projects] INFO  o.e.m.c.i.e.AbstractTransferListenerAdapter - Downloading https://repo.maven.apache.org/maven2/org/springframework/spring-beans/6.1.13/spring-beans-6.1.13.pom
2024-09-24 10:01:29,579 [Worker-0: Importing Maven projects] INFO  o.e.m.c.i.e.AbstractTransferListenerAdapter - Downloaded https://repo.maven.apache.org/maven2/org/springframework/spring-beans/6.1.13/spring-beans-6.1.13.pom
2024-09-24 10:01:29,603 [Worker-0: Importing Maven projects] INFO  o.e.m.c.i.e.AbstractTransferListenerAdapter - Downloading https://repo.maven.apache.org/maven2/org/springframework/spring-expression/6.1.13/spring-expression-6.1.13.pom
2024-09-24 10:01:29,623 [Worker-0: Importing Maven projects] INFO  o.e.m.c.i.e.AbstractTransferListenerAdapter - Downloaded https://repo.maven.apache.org/maven2/org/springframework/spring-expression/6.1.13/spring-expression-6.1.13.pom
2024-09-24 10:01:29,645 [Worker-0: Importing Maven projects] INFO  o.e.m.c.i.e.AbstractTransferListenerAdapter - Downloading https://repo.maven.apache.org/maven2/io/micrometer/micrometer-observation/1.12.10/micrometer-observation-1.12.10.pom
2024-09-24 10:01:29,651 [Worker-0: Importing Maven projects] INFO  o.e.m.c.i.e.AbstractTransferListenerAdapter - Downloaded https://repo.maven.apache.org/maven2/io/micrometer/micrometer-observation/1.12.10/micrometer-observation-1.12.10.pom
2024-09-24 10:01:29,672 [Worker-0: Importing Maven projects] INFO  o.e.m.c.i.e.AbstractTransferListenerAdapter - Downloading https://repo.maven.apache.org/maven2/io/micrometer/micrometer-commons/1.12.10/micrometer-commons-1.12.10.pom
2024-09-24 10:01:29,679 [Worker-0: Importing Maven projects] INFO  o.e.m.c.i.e.AbstractTransferListenerAdapter - Downloaded https://repo.maven.apache.org/maven2/io/micrometer/micrometer-commons/1.12.10/micrometer-commons-1.12.10.pom
2024-09-24 10:01:29,701 [Worker-0: Importing Maven projects] INFO  o.e.m.c.i.e.AbstractTransferListenerAdapter - Downloading https://repo.maven.apache.org/maven2/org/springframework/boot/spring-boot-autoconfigure/3.2.10/spring-boot-autoconfigure-3.2.10.pom
2024-09-24 10:01:29,707 [Worker-0: Importing Maven projects] INFO  o.e.m.c.i.e.AbstractTransferListenerAdapter - Downloaded https://repo.maven.apache.org/maven2/org/springframework/boot/spring-boot-autoconfigure/3.2.10/spring-boot-autoconfigure-3.2.10.pom
2024-09-24 10:01:29,731 [Worker-0: Importing Maven projects] INFO  o.e.m.c.i.e.AbstractTransferListenerAdapter - Downloading https://repo.maven.apache.org/maven2/org/springframework/boot/spring-boot-starter-logging/3.2.10/spring-boot-starter-logging-3.2.10.pom
2024-09-24 10:01:29,766 [Worker-0: Importing Maven projects] INFO  o.e.m.c.i.e.AbstractTransferListenerAdapter - Downloaded https://repo.maven.apache.org/maven2/org/springframework/boot/spring-boot-starter-logging/3.2.10/spring-boot-starter-logging-3.2.10.pom
2024-09-24 10:01:29,878 [Worker-0: Importing Maven projects] INFO  o.e.m.c.i.e.AbstractTransferListenerAdapter - Downloading https://repo.maven.apache.org/maven2/org/springframework/boot/spring-boot-starter-json/3.2.10/spring-boot-starter-json-3.2.10.pom
2024-09-24 10:01:29,885 [Worker-0: Importing Maven projects] INFO  o.e.m.c.i.e.AbstractTransferListenerAdapter - Downloaded https://repo.maven.apache.org/maven2/org/springframework/boot/spring-boot-starter-json/3.2.10/spring-boot-starter-json-3.2.10.pom
2024-09-24 10:01:29,906 [Worker-0: Importing Maven projects] INFO  o.e.m.c.i.e.AbstractTransferListenerAdapter - Downloading https://repo.maven.apache.org/maven2/org/springframework/spring-web/6.1.13/spring-web-6.1.13.pom
2024-09-24 10:01:29,912 [Worker-0: Importing Maven projects] INFO  o.e.m.c.i.e.AbstractTransferListenerAdapter - Downloaded https://repo.maven.apache.org/maven2/org/springframework/spring-web/6.1.13/spring-web-6.1.13.pom
2024-09-24 10:01:29,973 [Worker-0: Importing Maven projects] INFO  o.e.m.c.i.e.AbstractTransferListenerAdapter - Downloading https://repo.maven.apache.org/maven2/org/springframework/boot/spring-boot-starter-tomcat/3.2.10/spring-boot-starter-tomcat-3.2.10.pom
2024-09-24 10:01:29,979 [Worker-0: Importing Maven projects] INFO  o.e.m.c.i.e.AbstractTransferListenerAdapter - Downloaded https://repo.maven.apache.org/maven2/org/springframework/boot/spring-boot-starter-tomcat/3.2.10/spring-boot-starter-tomcat-3.2.10.pom
2024-09-24 10:01:30,000 [Worker-0: Importing Maven projects] INFO  o.e.m.c.i.e.AbstractTransferListenerAdapter - Downloading https://repo.maven.apache.org/maven2/org/apache/tomcat/embed/tomcat-embed-core/10.1.30/tomcat-embed-core-10.1.30.pom
2024-09-24 10:01:30,007 [Worker-0: Importing Maven projects] INFO  o.e.m.c.i.e.AbstractTransferListenerAdapter - Downloaded https://repo.maven.apache.org/maven2/org/apache/tomcat/embed/tomcat-embed-core/10.1.30/tomcat-embed-core-10.1.30.pom
2024-09-24 10:01:30,028 [Worker-0: Importing Maven projects] INFO  o.e.m.c.i.e.AbstractTransferListenerAdapter - Downloading https://repo.maven.apache.org/maven2/org/apache/tomcat/embed/tomcat-embed-el/10.1.30/tomcat-embed-el-10.1.30.pom
2024-09-24 10:01:30,034 [Worker-0: Importing Maven projects] INFO  o.e.m.c.i.e.AbstractTransferListenerAdapter - Downloaded https://repo.maven.apache.org/maven2/org/apache/tomcat/embed/tomcat-embed-el/10.1.30/tomcat-embed-el-10.1.30.pom
2024-09-24 10:01:30,055 [Worker-0: Importing Maven projects] INFO  o.e.m.c.i.e.AbstractTransferListenerAdapter - Downloading https://repo.maven.apache.org/maven2/org/apache/tomcat/embed/tomcat-embed-websocket/10.1.30/tomcat-embed-websocket-10.1.30.pom
2024-09-24 10:01:30,060 [Worker-0: Importing Maven projects] INFO  o.e.m.c.i.e.AbstractTransferListenerAdapter - Downloaded https://repo.maven.apache.org/maven2/org/apache/tomcat/embed/tomcat-embed-websocket/10.1.30/tomcat-embed-websocket-10.1.30.pom
2024-09-24 10:01:30,081 [Worker-0: Importing Maven projects] INFO  o.e.m.c.i.e.AbstractTransferListenerAdapter - Downloading https://repo.maven.apache.org/maven2/org/springframework/spring-webmvc/6.1.13/spring-webmvc-6.1.13.pom
2024-09-24 10:01:30,087 [Worker-0: Importing Maven projects] INFO  o.e.m.c.i.e.AbstractTransferListenerAdapter - Downloaded https://repo.maven.apache.org/maven2/org/springframework/spring-webmvc/6.1.13/spring-webmvc-6.1.13.pom
2024-09-24 10:01:30,108 [Worker-0: Importing Maven projects] INFO  o.e.m.c.i.e.AbstractTransferListenerAdapter - Downloading https://repo.maven.apache.org/maven2/org/springframework/boot/spring-boot-starter-test/3.2.10/spring-boot-starter-test-3.2.10.pom
2024-09-24 10:01:30,115 [Worker-0: Importing Maven projects] INFO  o.e.m.c.i.e.AbstractTransferListenerAdapter - Downloaded https://repo.maven.apache.org/maven2/org/springframework/boot/spring-boot-starter-test/3.2.10/spring-boot-starter-test-3.2.10.pom
2024-09-24 10:01:30,137 [Worker-0: Importing Maven projects] INFO  o.e.m.c.i.e.AbstractTransferListenerAdapter - Downloading https://repo.maven.apache.org/maven2/org/springframework/boot/spring-boot-test/3.2.10/spring-boot-test-3.2.10.pom
2024-09-24 10:01:30,143 [Worker-0: Importing Maven projects] INFO  o.e.m.c.i.e.AbstractTransferListenerAdapter - Downloaded https://repo.maven.apache.org/maven2/org/springframework/boot/spring-boot-test/3.2.10/spring-boot-test-3.2.10.pom
2024-09-24 10:01:30,165 [Worker-0: Importing Maven projects] INFO  o.e.m.c.i.e.AbstractTransferListenerAdapter - Downloading https://repo.maven.apache.org/maven2/org/springframework/boot/spring-boot-test-autoconfigure/3.2.10/spring-boot-test-autoconfigure-3.2.10.pom
2024-09-24 10:01:30,171 [Worker-0: Importing Maven projects] INFO  o.e.m.c.i.e.AbstractTransferListenerAdapter - Downloaded https://repo.maven.apache.org/maven2/org/springframework/boot/spring-boot-test-autoconfigure/3.2.10/spring-boot-test-autoconfigure-3.2.10.pom
2024-09-24 10:01:30,317 [Worker-0: Importing Maven projects] INFO  o.e.m.c.i.e.AbstractTransferListenerAdapter - Downloading https://repo.maven.apache.org/maven2/org/springframework/spring-test/6.1.13/spring-test-6.1.13.pom
2024-09-24 10:01:30,322 [Worker-0: Importing Maven projects] INFO  o.e.m.c.i.e.AbstractTransferListenerAdapter - Downloaded https://repo.maven.apache.org/maven2/org/springframework/spring-test/6.1.13/spring-test-6.1.13.pom
2024-09-24 10:01:30,446 [Worker-0: Importing Maven projects] INFO  o.e.m.c.i.e.AbstractTransferListenerAdapter - Downloading https://repo.maven.apache.org/maven2/org/springframework/boot/spring-boot-starter-web/3.2.10/spring-boot-starter-web-3.2.10.jar
2024-09-24 10:01:30,451 [Worker-0: Importing Maven projects] INFO  o.e.m.c.i.e.AbstractTransferListenerAdapter - Downloaded https://repo.maven.apache.org/maven2/org/springframework/boot/spring-boot-starter-web/3.2.10/spring-boot-starter-web-3.2.10.jar
2024-09-24 10:01:30,467 [BasicRepositoryConnector-repo.maven.apache.org-0-1] INFO  o.e.m.c.i.e.AbstractTransferListenerAdapter - Downloading https://repo.maven.apache.org/maven2/org/springframework/boot/spring-boot/3.2.10/spring-boot-3.2.10.jar
2024-09-24 10:01:30,514 [BasicRepositoryConnector-repo.maven.apache.org-0-0] INFO  o.e.m.c.i.e.AbstractTransferListenerAdapter - Downloading https://repo.maven.apache.org/maven2/org/springframework/boot/spring-boot-starter/3.2.10/spring-boot-starter-3.2.10.jar
2024-09-24 10:01:30,521 [BasicRepositoryConnector-repo.maven.apache.org-0-0] INFO  o.e.m.c.i.e.AbstractTransferListenerAdapter - Downloaded https://repo.maven.apache.org/maven2/org/springframework/boot/spring-boot-starter/3.2.10/spring-boot-starter-3.2.10.jar
2024-09-24 10:01:30,524 [BasicRepositoryConnector-repo.maven.apache.org-0-3] INFO  o.e.m.c.i.e.AbstractTransferListenerAdapter - Downloading https://repo.maven.apache.org/maven2/org/springframework/boot/spring-boot-starter-logging/3.2.10/spring-boot-starter-logging-3.2.10.jar
2024-09-24 10:01:30,530 [BasicRepositoryConnector-repo.maven.apache.org-0-3] INFO  o.e.m.c.i.e.AbstractTransferListenerAdapter - Downloaded https://repo.maven.apache.org/maven2/org/springframework/boot/spring-boot-starter-logging/3.2.10/spring-boot-starter-logging-3.2.10.jar
2024-09-24 10:01:30,531 [BasicRepositoryConnector-repo.maven.apache.org-0-4] INFO  o.e.m.c.i.e.AbstractTransferListenerAdapter - Downloading https://repo.maven.apache.org/maven2/org/springframework/boot/spring-boot-starter-json/3.2.10/spring-boot-starter-json-3.2.10.jar
2024-09-24 10:01:30,533 [BasicRepositoryConnector-repo.maven.apache.org-0-2] INFO  o.e.m.c.i.e.AbstractTransferListenerAdapter - Downloading https://repo.maven.apache.org/maven2/org/springframework/boot/spring-boot-autoconfigure/3.2.10/spring-boot-autoconfigure-3.2.10.jar
2024-09-24 10:01:30,541 [BasicRepositoryConnector-repo.maven.apache.org-0-4] INFO  o.e.m.c.i.e.AbstractTransferListenerAdapter - Downloaded https://repo.maven.apache.org/maven2/org/springframework/boot/spring-boot-starter-json/3.2.10/spring-boot-starter-json-3.2.10.jar
2024-09-24 10:01:30,550 [BasicRepositoryConnector-repo.maven.apache.org-0-3] INFO  o.e.m.c.i.e.AbstractTransferListenerAdapter - Downloading https://repo.maven.apache.org/maven2/org/apache/tomcat/embed/tomcat-embed-core/10.1.30/tomcat-embed-core-10.1.30.jar
2024-09-24 10:01:30,559 [BasicRepositoryConnector-repo.maven.apache.org-0-4] INFO  o.e.m.c.i.e.AbstractTransferListenerAdapter - Downloading https://repo.maven.apache.org/maven2/org/apache/tomcat/embed/tomcat-embed-el/10.1.30/tomcat-embed-el-10.1.30.jar
2024-09-24 10:01:30,566 [BasicRepositoryConnector-repo.maven.apache.org-0-0] INFO  o.e.m.c.i.e.AbstractTransferListenerAdapter - Downloading https://repo.maven.apache.org/maven2/org/springframework/boot/spring-boot-starter-tomcat/3.2.10/spring-boot-starter-tomcat-3.2.10.jar
2024-09-24 10:01:30,598 [BasicRepositoryConnector-repo.maven.apache.org-0-1] INFO  o.e.m.c.i.e.AbstractTransferListenerAdapter - Downloaded https://repo.maven.apache.org/maven2/org/springframework/boot/spring-boot/3.2.10/spring-boot-3.2.10.jar
2024-09-24 10:01:30,600 [BasicRepositoryConnector-repo.maven.apache.org-0-0] INFO  o.e.m.c.i.e.AbstractTransferListenerAdapter - Downloaded https://repo.maven.apache.org/maven2/org/springframework/boot/spring-boot-starter-tomcat/3.2.10/spring-boot-starter-tomcat-3.2.10.jar
2024-09-24 10:01:30,601 [BasicRepositoryConnector-repo.maven.apache.org-0-4] INFO  o.e.m.c.i.e.AbstractTransferListenerAdapter - Downloaded https://repo.maven.apache.org/maven2/org/apache/tomcat/embed/tomcat-embed-el/10.1.30/tomcat-embed-el-10.1.30.jar
2024-09-24 10:01:30,614 [BasicRepositoryConnector-repo.maven.apache.org-0-1] INFO  o.e.m.c.i.e.AbstractTransferListenerAdapter - Downloading https://repo.maven.apache.org/maven2/org/apache/tomcat/embed/tomcat-embed-websocket/10.1.30/tomcat-embed-websocket-10.1.30.jar
2024-09-24 10:01:30,614 [BasicRepositoryConnector-repo.maven.apache.org-0-0] INFO  o.e.m.c.i.e.AbstractTransferListenerAdapter - Downloading https://repo.maven.apache.org/maven2/org/springframework/spring-web/6.1.13/spring-web-6.1.13.jar
2024-09-24 10:01:30,617 [BasicRepositoryConnector-repo.maven.apache.org-0-4] INFO  o.e.m.c.i.e.AbstractTransferListenerAdapter - Downloading https://repo.maven.apache.org/maven2/org/springframework/spring-beans/6.1.13/spring-beans-6.1.13.jar
2024-09-24 10:01:30,717 [BasicRepositoryConnector-repo.maven.apache.org-0-4] INFO  o.e.m.c.i.e.AbstractTransferListenerAdapter - Downloaded https://repo.maven.apache.org/maven2/org/springframework/spring-beans/6.1.13/spring-beans-6.1.13.jar
2024-09-24 10:01:30,735 [BasicRepositoryConnector-repo.maven.apache.org-0-4] INFO  o.e.m.c.i.e.AbstractTransferListenerAdapter - Downloading https://repo.maven.apache.org/maven2/io/micrometer/micrometer-observation/1.12.10/micrometer-observation-1.12.10.jar
2024-09-24 10:01:30,811 [BasicRepositoryConnector-repo.maven.apache.org-0-4] INFO  o.e.m.c.i.e.AbstractTransferListenerAdapter - Downloaded https://repo.maven.apache.org/maven2/io/micrometer/micrometer-observation/1.12.10/micrometer-observation-1.12.10.jar
2024-09-24 10:01:30,826 [BasicRepositoryConnector-repo.maven.apache.org-0-4] INFO  o.e.m.c.i.e.AbstractTransferListenerAdapter - Downloading https://repo.maven.apache.org/maven2/io/micrometer/micrometer-commons/1.12.10/micrometer-commons-1.12.10.jar
2024-09-24 10:01:30,831 [BasicRepositoryConnector-repo.maven.apache.org-0-0] INFO  o.e.m.c.i.e.AbstractTransferListenerAdapter - Downloaded https://repo.maven.apache.org/maven2/org/springframework/spring-web/6.1.13/spring-web-6.1.13.jar
2024-09-24 10:01:30,833 [BasicRepositoryConnector-repo.maven.apache.org-0-4] INFO  o.e.m.c.i.e.AbstractTransferListenerAdapter - Downloaded https://repo.maven.apache.org/maven2/io/micrometer/micrometer-commons/1.12.10/micrometer-commons-1.12.10.jar
2024-09-24 10:01:30,847 [BasicRepositoryConnector-repo.maven.apache.org-0-0] INFO  o.e.m.c.i.e.AbstractTransferListenerAdapter - Downloading https://repo.maven.apache.org/maven2/org/springframework/spring-webmvc/6.1.13/spring-webmvc-6.1.13.jar
2024-09-24 10:01:30,849 [BasicRepositoryConnector-repo.maven.apache.org-0-4] INFO  o.e.m.c.i.e.AbstractTransferListenerAdapter - Downloading https://repo.maven.apache.org/maven2/org/springframework/spring-aop/6.1.13/spring-aop-6.1.13.jar
2024-09-24 10:01:30,922 [BasicRepositoryConnector-repo.maven.apache.org-0-1] INFO  o.e.m.c.i.e.AbstractTransferListenerAdapter - Downloaded https://repo.maven.apache.org/maven2/org/apache/tomcat/embed/tomcat-embed-websocket/10.1.30/tomcat-embed-websocket-10.1.30.jar
2024-09-24 10:01:30,935 [BasicRepositoryConnector-repo.maven.apache.org-0-4] INFO  o.e.m.c.i.e.AbstractTransferListenerAdapter - Downloaded https://repo.maven.apache.org/maven2/org/springframework/spring-aop/6.1.13/spring-aop-6.1.13.jar
2024-09-24 10:01:30,937 [BasicRepositoryConnector-repo.maven.apache.org-0-1] INFO  o.e.m.c.i.e.AbstractTransferListenerAdapter - Downloading https://repo.maven.apache.org/maven2/org/springframework/spring-context/6.1.13/spring-context-6.1.13.jar
2024-09-24 10:01:30,951 [BasicRepositoryConnector-repo.maven.apache.org-0-4] INFO  o.e.m.c.i.e.AbstractTransferListenerAdapter - Downloading https://repo.maven.apache.org/maven2/org/springframework/spring-expression/6.1.13/spring-expression-6.1.13.jar
2024-09-24 10:01:30,967 [BasicRepositoryConnector-repo.maven.apache.org-0-0] INFO  o.e.m.c.i.e.AbstractTransferListenerAdapter - Downloaded https://repo.maven.apache.org/maven2/org/springframework/spring-webmvc/6.1.13/spring-webmvc-6.1.13.jar
2024-09-24 10:01:30,982 [BasicRepositoryConnector-repo.maven.apache.org-0-0] INFO  o.e.m.c.i.e.AbstractTransferListenerAdapter - Downloading https://repo.maven.apache.org/maven2/org/springframework/boot/spring-boot-starter-test/3.2.10/spring-boot-starter-test-3.2.10.jar
2024-09-24 10:01:30,989 [BasicRepositoryConnector-repo.maven.apache.org-0-0] INFO  o.e.m.c.i.e.AbstractTransferListenerAdapter - Downloaded https://repo.maven.apache.org/maven2/org/springframework/boot/spring-boot-starter-test/3.2.10/spring-boot-starter-test-3.2.10.jar
2024-09-24 10:01:30,996 [BasicRepositoryConnector-repo.maven.apache.org-0-4] INFO  o.e.m.c.i.e.AbstractTransferListenerAdapter - Downloaded https://repo.maven.apache.org/maven2/org/springframework/spring-expression/6.1.13/spring-expression-6.1.13.jar
2024-09-24 10:01:31,006 [BasicRepositoryConnector-repo.maven.apache.org-0-0] INFO  o.e.m.c.i.e.AbstractTransferListenerAdapter - Downloading https://repo.maven.apache.org/maven2/org/springframework/boot/spring-boot-test/3.2.10/spring-boot-test-3.2.10.jar
2024-09-24 10:01:31,010 [BasicRepositoryConnector-repo.maven.apache.org-0-4] INFO  o.e.m.c.i.e.AbstractTransferListenerAdapter - Downloading https://repo.maven.apache.org/maven2/org/springframework/boot/spring-boot-test-autoconfigure/3.2.10/spring-boot-test-autoconfigure-3.2.10.jar
2024-09-24 10:01:31,050 [BasicRepositoryConnector-repo.maven.apache.org-0-4] INFO  o.e.m.c.i.e.AbstractTransferListenerAdapter - Downloaded https://repo.maven.apache.org/maven2/org/springframework/boot/spring-boot-test-autoconfigure/3.2.10/spring-boot-test-autoconfigure-3.2.10.jar
2024-09-24 10:01:31,052 [BasicRepositoryConnector-repo.maven.apache.org-0-0] INFO  o.e.m.c.i.e.AbstractTransferListenerAdapter - Downloaded https://repo.maven.apache.org/maven2/org/springframework/boot/spring-boot-test/3.2.10/spring-boot-test-3.2.10.jar
2024-09-24 10:01:31,066 [BasicRepositoryConnector-repo.maven.apache.org-0-0] INFO  o.e.m.c.i.e.AbstractTransferListenerAdapter - Downloading https://repo.maven.apache.org/maven2/org/springframework/spring-jcl/6.1.13/spring-jcl-6.1.13.jar
2024-09-24 10:01:31,068 [BasicRepositoryConnector-repo.maven.apache.org-0-4] INFO  o.e.m.c.i.e.AbstractTransferListenerAdapter - Downloading https://repo.maven.apache.org/maven2/org/springframework/spring-core/6.1.13/spring-core-6.1.13.jar
2024-09-24 10:01:31,073 [BasicRepositoryConnector-repo.maven.apache.org-0-0] INFO  o.e.m.c.i.e.AbstractTransferListenerAdapter - Downloaded https://repo.maven.apache.org/maven2/org/springframework/spring-jcl/6.1.13/spring-jcl-6.1.13.jar
2024-09-24 10:01:31,087 [BasicRepositoryConnector-repo.maven.apache.org-0-0] INFO  o.e.m.c.i.e.AbstractTransferListenerAdapter - Downloading https://repo.maven.apache.org/maven2/org/springframework/spring-test/6.1.13/spring-test-6.1.13.jar
2024-09-24 10:01:31,214 [BasicRepositoryConnector-repo.maven.apache.org-0-0] INFO  o.e.m.c.i.e.AbstractTransferListenerAdapter - Downloaded https://repo.maven.apache.org/maven2/org/springframework/spring-test/6.1.13/spring-test-6.1.13.jar
2024-09-24 10:01:31,418 [BasicRepositoryConnector-repo.maven.apache.org-0-4] INFO  o.e.m.c.i.e.AbstractTransferListenerAdapter - Downloaded https://repo.maven.apache.org/maven2/org/springframework/spring-core/6.1.13/spring-core-6.1.13.jar
2024-09-24 10:01:31,421 [BasicRepositoryConnector-repo.maven.apache.org-0-1] INFO  o.e.m.c.i.e.AbstractTransferListenerAdapter - Downloaded https://repo.maven.apache.org/maven2/org/springframework/spring-context/6.1.13/spring-context-6.1.13.jar
2024-09-24 10:01:31,552 [BasicRepositoryConnector-repo.maven.apache.org-0-2] INFO  o.e.m.c.i.e.AbstractTransferListenerAdapter - Downloaded https://repo.maven.apache.org/maven2/org/springframework/boot/spring-boot-autoconfigure/3.2.10/spring-boot-autoconfigure-3.2.10.jar
2024-09-24 10:01:31,811 [BasicRepositoryConnector-repo.maven.apache.org-0-3] INFO  o.e.m.c.i.e.AbstractTransferListenerAdapter - Downloaded https://repo.maven.apache.org/maven2/org/apache/tomcat/embed/tomcat-embed-core/10.1.30/tomcat-embed-core-10.1.30.jar
2024-09-24 10:01:33,497 [Worker-8: Download sources and javadoc] INFO  o.e.m.c.i.e.AbstractTransferListenerAdapter - Downloading https://repo.maven.apache.org/maven2/org/springframework/boot/spring-boot-starter-web/3.2.10/spring-boot-starter-web-3.2.10-sources.jar
2024-09-24 10:01:33,505 [Worker-8: Download sources and javadoc] INFO  o.e.m.c.i.e.AbstractTransferListenerAdapter - Downloaded https://repo.maven.apache.org/maven2/org/springframework/boot/spring-boot-starter-web/3.2.10/spring-boot-starter-web-3.2.10-sources.jar
2024-09-24 10:01:33,511 [Worker-8: Download sources and javadoc] INFO  o.e.m.j.internal.DownloadSourcesJob - Downloaded sources for org.springframework.boot:spring-boot-starter-web:3.2.10
2024-09-24 10:01:33,617 [Worker-8: Download sources and javadoc] INFO  o.e.m.c.i.e.AbstractTransferListenerAdapter - Downloading https://repo.maven.apache.org/maven2/org/springframework/boot/spring-boot-starter/3.2.10/spring-boot-starter-3.2.10-sources.jar
2024-09-24 10:01:33,639 [Worker-8: Download sources and javadoc] INFO  o.e.m.c.i.e.AbstractTransferListenerAdapter - Downloaded https://repo.maven.apache.org/maven2/org/springframework/boot/spring-boot-starter/3.2.10/spring-boot-starter-3.2.10-sources.jar
2024-09-24 10:01:33,646 [Worker-8: Download sources and javadoc] INFO  o.e.m.j.internal.DownloadSourcesJob - Downloaded sources for org.springframework.boot:spring-boot-starter:3.2.10
2024-09-24 10:01:33,711 [Worker-8: Download sources and javadoc] INFO  o.e.m.c.i.e.AbstractTransferListenerAdapter - Downloading https://repo.maven.apache.org/maven2/org/springframework/boot/spring-boot/3.2.10/spring-boot-3.2.10-sources.jar
2024-09-24 10:01:33,805 [Worker-8: Download sources and javadoc] INFO  o.e.m.c.i.e.AbstractTransferListenerAdapter - Downloaded https://repo.maven.apache.org/maven2/org/springframework/boot/spring-boot/3.2.10/spring-boot-3.2.10-sources.jar
2024-09-24 10:01:33,809 [Worker-8: Download sources and javadoc] INFO  o.e.m.j.internal.DownloadSourcesJob - Downloaded sources for org.springframework.boot:spring-boot:3.2.10
2024-09-24 10:01:33,860 [Worker-8: Download sources and javadoc] INFO  o.e.m.c.i.e.AbstractTransferListenerAdapter - Downloading https://repo.maven.apache.org/maven2/org/springframework/boot/spring-boot-autoconfigure/3.2.10/spring-boot-autoconfigure-3.2.10-sources.jar
2024-09-24 10:01:33,974 [Worker-8: Download sources and javadoc] INFO  o.e.m.c.i.e.AbstractTransferListenerAdapter - Downloaded https://repo.maven.apache.org/maven2/org/springframework/boot/spring-boot-autoconfigure/3.2.10/spring-boot-autoconfigure-3.2.10-sources.jar
2024-09-24 10:01:33,978 [Worker-8: Download sources and javadoc] INFO  o.e.m.j.internal.DownloadSourcesJob - Downloaded sources for org.springframework.boot:spring-boot-autoconfigure:3.2.10
2024-09-24 10:01:34,028 [Worker-8: Download sources and javadoc] INFO  o.e.m.c.i.e.AbstractTransferListenerAdapter - Downloading https://repo.maven.apache.org/maven2/org/springframework/boot/spring-boot-starter-logging/3.2.10/spring-boot-starter-logging-3.2.10-sources.jar
2024-09-24 10:01:34,034 [Worker-8: Download sources and javadoc] INFO  o.e.m.c.i.e.AbstractTransferListenerAdapter - Downloaded https://repo.maven.apache.org/maven2/org/springframework/boot/spring-boot-starter-logging/3.2.10/spring-boot-starter-logging-3.2.10-sources.jar
2024-09-24 10:01:34,039 [Worker-8: Download sources and javadoc] INFO  o.e.m.j.internal.DownloadSourcesJob - Downloaded sources for org.springframework.boot:spring-boot-starter-logging:3.2.10
2024-09-24 10:01:34,090 [Worker-8: Download sources and javadoc] INFO  o.e.m.c.i.e.AbstractTransferListenerAdapter - Downloading https://repo.maven.apache.org/maven2/org/springframework/boot/spring-boot-starter-json/3.2.10/spring-boot-starter-json-3.2.10-sources.jar
2024-09-24 10:01:34,096 [Worker-8: Download sources and javadoc] INFO  o.e.m.c.i.e.AbstractTransferListenerAdapter - Downloaded https://repo.maven.apache.org/maven2/org/springframework/boot/spring-boot-starter-json/3.2.10/spring-boot-starter-json-3.2.10-sources.jar
2024-09-24 10:01:34,101 [Worker-8: Download sources and javadoc] INFO  o.e.m.j.internal.DownloadSourcesJob - Downloaded sources for org.springframework.boot:spring-boot-starter-json:3.2.10
2024-09-24 10:01:34,151 [Worker-8: Download sources and javadoc] INFO  o.e.m.c.i.e.AbstractTransferListenerAdapter - Downloading https://repo.maven.apache.org/maven2/org/springframework/boot/spring-boot-starter-tomcat/3.2.10/spring-boot-starter-tomcat-3.2.10-sources.jar
2024-09-24 10:01:34,171 [Worker-8: Download sources and javadoc] INFO  o.e.m.c.i.e.AbstractTransferListenerAdapter - Downloaded https://repo.maven.apache.org/maven2/org/springframework/boot/spring-boot-starter-tomcat/3.2.10/spring-boot-starter-tomcat-3.2.10-sources.jar
2024-09-24 10:01:34,175 [Worker-8: Download sources and javadoc] INFO  o.e.m.j.internal.DownloadSourcesJob - Downloaded sources for org.springframework.boot:spring-boot-starter-tomcat:3.2.10
2024-09-24 10:01:34,230 [Worker-8: Download sources and javadoc] INFO  o.e.m.c.i.e.AbstractTransferListenerAdapter - Downloading https://repo.maven.apache.org/maven2/org/apache/tomcat/embed/tomcat-embed-core/10.1.30/tomcat-embed-core-10.1.30-sources.jar
2024-09-24 10:01:34,234 [Worker-0: Importing Maven projects] INFO  o.e.m.j.i.AbstractJavaProjectConfigurator - Adding source folder /spring-boot-Docker/src/main/java
2024-09-24 10:01:34,237 [Worker-0: Importing Maven projects] INFO  o.e.m.j.i.AbstractJavaProjectConfigurator - Adding resource folder /spring-boot-Docker/src/main/resources
2024-09-24 10:01:34,260 [Worker-0: Importing Maven projects] INFO  o.e.m.j.i.AbstractJavaProjectConfigurator - Adding resource folder /spring-boot-Docker/src/main/resources
2024-09-24 10:01:34,300 [Worker-0: Importing Maven projects] INFO  o.e.m.j.i.AbstractJavaProjectConfigurator - Adding source folder /spring-boot-Docker/src/test/java
2024-09-24 10:01:34,301 [Worker-0: Importing Maven projects] INFO  o.e.m.j.i.AbstractJavaProjectConfigurator - Adding resource folder /spring-boot-Docker/src/test/resources
2024-09-24 10:01:34,510 [Worker-8: Download sources and javadoc] INFO  o.e.m.c.i.e.AbstractTransferListenerAdapter - Downloaded https://repo.maven.apache.org/maven2/org/apache/tomcat/embed/tomcat-embed-core/10.1.30/tomcat-embed-core-10.1.30-sources.jar
2024-09-24 10:01:34,515 [Worker-8: Download sources and javadoc] INFO  o.e.m.j.internal.DownloadSourcesJob - Downloaded sources for org.apache.tomcat.embed:tomcat-embed-core:10.1.30
2024-09-24 10:01:34,570 [Worker-8: Download sources and javadoc] INFO  o.e.m.c.i.e.AbstractTransferListenerAdapter - Downloading https://repo.maven.apache.org/maven2/org/apache/tomcat/embed/tomcat-embed-el/10.1.30/tomcat-embed-el-10.1.30-sources.jar
2024-09-24 10:01:34,602 [Worker-8: Download sources and javadoc] INFO  o.e.m.c.i.e.AbstractTransferListenerAdapter - Downloaded https://repo.maven.apache.org/maven2/org/apache/tomcat/embed/tomcat-embed-el/10.1.30/tomcat-embed-el-10.1.30-sources.jar
2024-09-24 10:01:34,607 [Worker-8: Download sources and javadoc] INFO  o.e.m.j.internal.DownloadSourcesJob - Downloaded sources for org.apache.tomcat.embed:tomcat-embed-el:10.1.30
2024-09-24 10:01:34,679 [Worker-8: Download sources and javadoc] INFO  o.e.m.c.i.e.AbstractTransferListenerAdapter - Downloading https://repo.maven.apache.org/maven2/org/apache/tomcat/embed/tomcat-embed-websocket/10.1.30/tomcat-embed-websocket-10.1.30-sources.jar
2024-09-24 10:01:34,700 [Worker-8: Download sources and javadoc] INFO  o.e.m.c.i.e.AbstractTransferListenerAdapter - Downloaded https://repo.maven.apache.org/maven2/org/apache/tomcat/embed/tomcat-embed-websocket/10.1.30/tomcat-embed-websocket-10.1.30-sources.jar
2024-09-24 10:01:34,705 [Worker-8: Download sources and javadoc] INFO  o.e.m.j.internal.DownloadSourcesJob - Downloaded sources for org.apache.tomcat.embed:tomcat-embed-websocket:10.1.30
2024-09-24 10:01:34,759 [Worker-8: Download sources and javadoc] INFO  o.e.m.c.i.e.AbstractTransferListenerAdapter - Downloading https://repo.maven.apache.org/maven2/org/springframework/spring-web/6.1.13/spring-web-6.1.13-sources.jar
2024-09-24 10:01:34,872 [Worker-8: Download sources and javadoc] INFO  o.e.m.c.i.e.AbstractTransferListenerAdapter - Downloaded https://repo.maven.apache.org/maven2/org/springframework/spring-web/6.1.13/spring-web-6.1.13-sources.jar
2024-09-24 10:01:34,877 [Worker-8: Download sources and javadoc] INFO  o.e.m.j.internal.DownloadSourcesJob - Downloaded sources for org.springframework:spring-web:6.1.13
2024-09-24 10:01:34,937 [Worker-8: Download sources and javadoc] INFO  o.e.m.c.i.e.AbstractTransferListenerAdapter - Downloading https://repo.maven.apache.org/maven2/org/springframework/spring-beans/6.1.13/spring-beans-6.1.13-sources.jar
2024-09-24 10:01:34,992 [Worker-8: Download sources and javadoc] INFO  o.e.m.c.i.e.AbstractTransferListenerAdapter - Downloaded https://repo.maven.apache.org/maven2/org/springframework/spring-beans/6.1.13/spring-beans-6.1.13-sources.jar
2024-09-24 10:01:34,996 [Worker-8: Download sources and javadoc] INFO  o.e.m.j.internal.DownloadSourcesJob - Downloaded sources for org.springframework:spring-beans:6.1.13
2024-09-24 10:01:35,055 [Worker-8: Download sources and javadoc] INFO  o.e.m.c.i.e.AbstractTransferListenerAdapter - Downloading https://repo.maven.apache.org/maven2/io/micrometer/micrometer-observation/1.12.10/micrometer-observation-1.12.10-sources.jar
2024-09-24 10:01:35,072 [Worker-8: Download sources and javadoc] INFO  o.e.m.c.i.e.AbstractTransferListenerAdapter - Downloaded https://repo.maven.apache.org/maven2/io/micrometer/micrometer-observation/1.12.10/micrometer-observation-1.12.10-sources.jar
2024-09-24 10:01:35,076 [Worker-8: Download sources and javadoc] INFO  o.e.m.j.internal.DownloadSourcesJob - Downloaded sources for io.micrometer:micrometer-observation:1.12.10
2024-09-24 10:01:35,127 [Worker-8: Download sources and javadoc] INFO  o.e.m.c.i.e.AbstractTransferListenerAdapter - Downloading https://repo.maven.apache.org/maven2/io/micrometer/micrometer-commons/1.12.10/micrometer-commons-1.12.10-sources.jar
2024-09-24 10:01:35,170 [Worker-8: Download sources and javadoc] INFO  o.e.m.c.i.e.AbstractTransferListenerAdapter - Downloaded https://repo.maven.apache.org/maven2/io/micrometer/micrometer-commons/1.12.10/micrometer-commons-1.12.10-sources.jar
2024-09-24 10:01:35,175 [Worker-8: Download sources and javadoc] INFO  o.e.m.j.internal.DownloadSourcesJob - Downloaded sources for io.micrometer:micrometer-commons:1.12.10
2024-09-24 10:01:35,223 [Worker-8: Download sources and javadoc] INFO  o.e.m.c.i.e.AbstractTransferListenerAdapter - Downloading https://repo.maven.apache.org/maven2/org/springframework/spring-webmvc/6.1.13/spring-webmvc-6.1.13-sources.jar
2024-09-24 10:01:35,302 [Worker-8: Download sources and javadoc] INFO  o.e.m.c.i.e.AbstractTransferListenerAdapter - Downloaded https://repo.maven.apache.org/maven2/org/springframework/spring-webmvc/6.1.13/spring-webmvc-6.1.13-sources.jar
2024-09-24 10:01:35,308 [Worker-8: Download sources and javadoc] INFO  o.e.m.j.internal.DownloadSourcesJob - Downloaded sources for org.springframework:spring-webmvc:6.1.13
2024-09-24 10:01:35,358 [Worker-8: Download sources and javadoc] INFO  o.e.m.c.i.e.AbstractTransferListenerAdapter - Downloading https://repo.maven.apache.org/maven2/org/springframework/spring-aop/6.1.13/spring-aop-6.1.13-sources.jar
2024-09-24 10:01:35,402 [Worker-8: Download sources and javadoc] INFO  o.e.m.c.i.e.AbstractTransferListenerAdapter - Downloaded https://repo.maven.apache.org/maven2/org/springframework/spring-aop/6.1.13/spring-aop-6.1.13-sources.jar
2024-09-24 10:01:35,407 [Worker-8: Download sources and javadoc] INFO  o.e.m.j.internal.DownloadSourcesJob - Downloaded sources for org.springframework:spring-aop:6.1.13
2024-09-24 10:01:35,408 [Worker-0: Importing Maven projects] INFO  o.e.m.c.i.p.ProjectConfigurationManager - Imported and configured 1 project(s) in 10 sec
2024-09-24 10:01:35,464 [Worker-8: Download sources and javadoc] INFO  o.e.m.c.i.e.AbstractTransferListenerAdapter - Downloading https://repo.maven.apache.org/maven2/org/springframework/spring-context/6.1.13/spring-context-6.1.13-sources.jar
2024-09-24 10:01:35,575 [Worker-8: Download sources and javadoc] INFO  o.e.m.c.i.e.AbstractTransferListenerAdapter - Downloaded https://repo.maven.apache.org/maven2/org/springframework/spring-context/6.1.13/spring-context-6.1.13-sources.jar
2024-09-24 10:01:35,580 [Worker-8: Download sources and javadoc] INFO  o.e.m.j.internal.DownloadSourcesJob - Downloaded sources for org.springframework:spring-context:6.1.13
2024-09-24 10:01:35,606 [Worker-3: Updating Maven Project] INFO  o.e.m.c.i.p.ProjectConfigurationManager - Update started
2024-09-24 10:01:35,682 [Worker-8: Download sources and javadoc] INFO  o.e.m.c.i.e.AbstractTransferListenerAdapter - Downloading https://repo.maven.apache.org/maven2/org/springframework/spring-expression/6.1.13/spring-expression-6.1.13-sources.jar
2024-09-24 10:01:35,691 [Worker-8: Download sources and javadoc] INFO  o.e.m.c.i.e.AbstractTransferListenerAdapter - Downloaded https://repo.maven.apache.org/maven2/org/springframework/spring-expression/6.1.13/spring-expression-6.1.13-sources.jar
2024-09-24 10:01:35,696 [Worker-8: Download sources and javadoc] INFO  o.e.m.j.internal.DownloadSourcesJob - Downloaded sources for org.springframework:spring-expression:6.1.13
2024-09-24 10:01:36,599 [Worker-3: Updating Maven Project] INFO  o.e.m.c.i.l.LifecycleMappingFactory - Using org.eclipse.m2e.jdt.JarLifecycleMapping lifecycle mapping for MavenProject: com.example:spring-boot-Docker:0.0.1-SNAPSHOT @ C:\Users\Administrator\eclipse-workspace\Spring boot -Docker\spring-boot-Docker\pom.xml.
2024-09-24 10:01:36,666 [Worker-8: Download sources and javadoc] INFO  o.e.m.c.i.e.AbstractTransferListenerAdapter - Downloading https://repo.maven.apache.org/maven2/org/springframework/boot/spring-boot-starter-test/3.2.10/spring-boot-starter-test-3.2.10-sources.jar
2024-09-24 10:01:36,671 [Worker-8: Download sources and javadoc] INFO  o.e.m.c.i.e.AbstractTransferListenerAdapter - Downloaded https://repo.maven.apache.org/maven2/org/springframework/boot/spring-boot-starter-test/3.2.10/spring-boot-starter-test-3.2.10-sources.jar
2024-09-24 10:01:36,676 [Worker-8: Download sources and javadoc] INFO  o.e.m.j.internal.DownloadSourcesJob - Downloaded sources for org.springframework.boot:spring-boot-starter-test:3.2.10
2024-09-24 10:01:36,725 [Worker-8: Download sources and javadoc] INFO  o.e.m.c.i.e.AbstractTransferListenerAdapter - Downloading https://repo.maven.apache.org/maven2/org/springframework/boot/spring-boot-test/3.2.10/spring-boot-test-3.2.10-sources.jar
2024-09-24 10:01:36,788 [Worker-8: Download sources and javadoc] INFO  o.e.m.c.i.e.AbstractTransferListenerAdapter - Downloaded https://repo.maven.apache.org/maven2/org/springframework/boot/spring-boot-test/3.2.10/spring-boot-test-3.2.10-sources.jar
2024-09-24 10:01:36,792 [Worker-8: Download sources and javadoc] INFO  o.e.m.j.internal.DownloadSourcesJob - Downloaded sources for org.springframework.boot:spring-boot-test:3.2.10
2024-09-24 10:01:36,892 [Worker-8: Download sources and javadoc] INFO  o.e.m.c.i.e.AbstractTransferListenerAdapter - Downloading https://repo.maven.apache.org/maven2/org/springframework/boot/spring-boot-test-autoconfigure/3.2.10/spring-boot-test-autoconfigure-3.2.10-sources.jar
2024-09-24 10:01:36,903 [Worker-8: Download sources and javadoc] INFO  o.e.m.c.i.e.AbstractTransferListenerAdapter - Downloaded https://repo.maven.apache.org/maven2/org/springframework/boot/spring-boot-test-autoconfigure/3.2.10/spring-boot-test-autoconfigure-3.2.10-sources.jar
2024-09-24 10:01:36,908 [Worker-8: Download sources and javadoc] INFO  o.e.m.j.internal.DownloadSourcesJob - Downloaded sources for org.springframework.boot:spring-boot-test-autoconfigure:3.2.10
2024-09-24 10:01:36,971 [Worker-8: Download sources and javadoc] INFO  o.e.m.c.i.e.AbstractTransferListenerAdapter - Downloading https://repo.maven.apache.org/maven2/org/springframework/spring-core/6.1.13/spring-core-6.1.13-sources.jar
2024-09-24 10:01:37,069 [Worker-8: Download sources and javadoc] INFO  o.e.m.c.i.e.AbstractTransferListenerAdapter - Downloaded https://repo.maven.apache.org/maven2/org/springframework/spring-core/6.1.13/spring-core-6.1.13-sources.jar
2024-09-24 10:01:37,073 [Worker-8: Download sources and javadoc] INFO  o.e.m.j.internal.DownloadSourcesJob - Downloaded sources for org.springframework:spring-core:6.1.13
2024-09-24 10:01:37,149 [Worker-8: Download sources and javadoc] INFO  o.e.m.c.i.e.AbstractTransferListenerAdapter - Downloading https://repo.maven.apache.org/maven2/org/springframework/spring-jcl/6.1.13/spring-jcl-6.1.13-sources.jar
2024-09-24 10:01:37,296 [Worker-8: Download sources and javadoc] INFO  o.e.m.c.i.e.AbstractTransferListenerAdapter - Downloaded https://repo.maven.apache.org/maven2/org/springframework/spring-jcl/6.1.13/spring-jcl-6.1.13-sources.jar
2024-09-24 10:01:37,303 [Worker-8: Download sources and javadoc] INFO  o.e.m.j.internal.DownloadSourcesJob - Downloaded sources for org.springframework:spring-jcl:6.1.13
2024-09-24 10:01:37,411 [Worker-8: Download sources and javadoc] INFO  o.e.m.c.i.e.AbstractTransferListenerAdapter - Downloading https://repo.maven.apache.org/maven2/org/springframework/spring-test/6.1.13/spring-test-6.1.13-sources.jar
2024-09-24 10:01:37,451 [Worker-8: Download sources and javadoc] INFO  o.e.m.c.i.e.AbstractTransferListenerAdapter - Downloaded https://repo.maven.apache.org/maven2/org/springframework/spring-test/6.1.13/spring-test-6.1.13-sources.jar
2024-09-24 10:01:37,455 [Worker-8: Download sources and javadoc] INFO  o.e.m.j.internal.DownloadSourcesJob - Downloaded sources for org.springframework:spring-test:6.1.13
2024-09-24 10:01:37,650 [Worker-3: Updating Maven Project] INFO  o.e.m.j.i.AbstractJavaProjectConfigurator - Adding source folder /spring-boot-Docker/src/main/java
2024-09-24 10:01:37,652 [Worker-3: Updating Maven Project] INFO  o.e.m.j.i.AbstractJavaProjectConfigurator - Adding resource folder /spring-boot-Docker/src/main/resources
2024-09-24 10:01:37,654 [Worker-3: Updating Maven Project] INFO  o.e.m.j.i.AbstractJavaProjectConfigurator - Adding resource folder /spring-boot-Docker/src/main/resources
2024-09-24 10:01:37,655 [Worker-3: Updating Maven Project] INFO  o.e.m.j.i.AbstractJavaProjectConfigurator - Adding source folder /spring-boot-Docker/src/test/java
2024-09-24 10:01:37,657 [Worker-3: Updating Maven Project] INFO  o.e.m.j.i.AbstractJavaProjectConfigurator - Adding resource folder /spring-boot-Docker/src/test/resources
2024-09-24 10:01:38,461 [Worker-3: Updating Maven Project] INFO  o.e.m.c.i.p.ProjectConfigurationManager - Update completed for 1 poms: local refresh takes 0.00 sec, refresh facades takes 1.00 sec, update config takes 0.00 sec 
2024-09-24 10:01:40,142 [Worker-3: Building] INFO  o.a.m.s.f.DefaultMavenResourcesFiltering - Copying 1 resource from src\main\resources to target\classes
2024-09-24 10:01:40,173 [Worker-3: Building] INFO  o.a.m.s.f.DefaultMavenResourcesFiltering - Copying 0 resource from src\main\resources to target\classes
2024-09-24 10:01:40,186 [Worker-3: Building] INFO  o.a.m.s.f.DefaultMavenResourcesFiltering - skip non existing resourceDirectory C:\Users\Administrator\eclipse-workspace\Spring boot -Docker\spring-boot-Docker\src\test\resources
2024-09-24 10:03:34,974 [Worker-16: Building] INFO  o.a.m.s.f.DefaultMavenResourcesFiltering - Copying 1 resource from src\main\resources to target\classes
2024-09-24 10:03:34,990 [Worker-16: Building] INFO  o.a.m.s.f.DefaultMavenResourcesFiltering - Copying 0 resource from src\main\resources to target\classes
2024-09-24 10:03:35,022 [Worker-16: Building] INFO  o.a.m.s.f.DefaultMavenResourcesFiltering - skip non existing resourceDirectory C:\Users\Administrator\eclipse-workspace\Spring boot -Docker\spring-boot-Docker\src\test\resources
2024-09-24 10:05:20,067 [Worker-17: Building] INFO  o.a.m.s.f.DefaultMavenResourcesFiltering - Copying 1 resource from src\main\resources to target\classes
2024-09-24 10:05:20,082 [Worker-17: Building] INFO  o.a.m.s.f.DefaultMavenResourcesFiltering - Copying 0 resource from src\main\resources to target\classes
2024-09-24 10:05:20,090 [Worker-17: Building] INFO  o.a.m.s.f.DefaultMavenResourcesFiltering - skip non existing resourceDirectory C:\Users\Administrator\eclipse-workspace\Spring boot -Docker\spring-boot-Docker\src\test\resources
2024-09-24 10:06:16,313 [Worker-21: Building] INFO  o.a.m.s.f.DefaultMavenResourcesFiltering - Copying 1 resource from src\main\resources to target\classes
2024-09-24 10:06:16,332 [Worker-21: Building] INFO  o.a.m.s.f.DefaultMavenResourcesFiltering - Copying 0 resource from src\main\resources to target\classes
2024-09-24 10:06:16,338 [Worker-21: Building] INFO  o.a.m.s.f.DefaultMavenResourcesFiltering - skip non existing resourceDirectory C:\Users\Administrator\eclipse-workspace\Spring boot -Docker\spring-boot-Docker\src\test\resources
2024-09-24 10:07:48,520 [Worker-20: Building] INFO  o.a.m.s.f.DefaultMavenResourcesFiltering - Copying 1 resource from src\main\resources to target\classes
2024-09-24 10:07:48,534 [Worker-20: Building] INFO  o.a.m.s.f.DefaultMavenResourcesFiltering - Copying 0 resource from src\main\resources to target\classes
2024-09-24 10:07:48,540 [Worker-20: Building] INFO  o.a.m.s.f.DefaultMavenResourcesFiltering - skip non existing resourceDirectory C:\Users\Administrator\eclipse-workspace\Spring boot -Docker\spring-boot-Docker\src\test\resources
2024-09-24 10:08:00,188 [Worker-17: Building] INFO  o.a.m.s.f.DefaultMavenResourcesFiltering - Copying 1 resource from src\main\resources to target\classes
2024-09-24 10:08:00,202 [Worker-17: Building] INFO  o.a.m.s.f.DefaultMavenResourcesFiltering - Copying 0 resource from src\main\resources to target\classes
2024-09-24 10:08:00,209 [Worker-17: Building] INFO  o.a.m.s.f.DefaultMavenResourcesFiltering - skip non existing resourceDirectory C:\Users\Administrator\eclipse-workspace\Spring boot -Docker\spring-boot-Docker\src\test\resources
2024-09-24 10:14:04,383 [Worker-18: Building] INFO  o.a.m.s.f.DefaultMavenResourcesFiltering - Copying 1 resource from src\main\resources to target\classes
2024-09-24 10:14:04,396 [Worker-18: Building] INFO  o.a.m.s.f.DefaultMavenResourcesFiltering - Copying 0 resource from src\main\resources to target\classes
2024-09-24 10:14:04,403 [Worker-18: Building] INFO  o.a.m.s.f.DefaultMavenResourcesFiltering - skip non existing resourceDirectory C:\Users\Administrator\eclipse-workspace\Spring boot -Docker\spring-boot-Docker\src\test\resources
2024-09-24 10:14:14,125 [Worker-19: Launching Executing install in C__Users_Administrator_eclipse-workspace_Spring boot -Docker_spring-boot-Docker] INFO  o.eclipse.m2e.core.internal.Bundles - getClasspathEntries(Bundle=org.eclipse.m2e.maven.runtime_3.9.700.20240602-2313 [642])
2024-09-24 10:14:14,130 [Worker-19: Launching Executing install in C__Users_Administrator_eclipse-workspace_Spring boot -Docker_spring-boot-Docker] INFO  o.eclipse.m2e.core.internal.Bundles - 	Entry: C:\Users\Administrator\.p2\pool\plugins\org.eclipse.m2e.maven.runtime_3.9.700.20240602-2313
2024-09-24 10:14:14,131 [Worker-19: Launching Executing install in C__Users_Administrator_eclipse-workspace_Spring boot -Docker_spring-boot-Docker] INFO  o.eclipse.m2e.core.internal.Bundles - 	Entry: C:\Users\Administrator\.p2\pool\plugins\org.eclipse.m2e.maven.runtime_3.9.700.20240602-2313\jars\aopalliance-1.0.jar
2024-09-24 10:14:14,132 [Worker-19: Launching Executing install in C__Users_Administrator_eclipse-workspace_Spring boot -Docker_spring-boot-Docker] INFO  o.eclipse.m2e.core.internal.Bundles - 	Entry: C:\Users\Administrator\.p2\pool\plugins\org.eclipse.m2e.maven.runtime_3.9.700.20240602-2313\jars\guice-5.1.0.jar
2024-09-24 10:14:14,132 [Worker-19: Launching Executing install in C__Users_Administrator_eclipse-workspace_Spring boot -Docker_spring-boot-Docker] INFO  o.eclipse.m2e.core.internal.Bundles - 	Entry: C:\Users\Administrator\.p2\pool\plugins\org.eclipse.m2e.maven.runtime_3.9.700.20240602-2313\jars\httpclient-4.5.14.jar
2024-09-24 10:14:14,133 [Worker-19: Launching Executing install in C__Users_Administrator_eclipse-workspace_Spring boot -Docker_spring-boot-Docker] INFO  o.eclipse.m2e.core.internal.Bundles - 	Entry: C:\Users\Administrator\.p2\pool\plugins\org.eclipse.m2e.maven.runtime_3.9.700.20240602-2313\jars\httpcore-4.4.16.jar
2024-09-24 10:14:14,134 [Worker-19: Launching Executing install in C__Users_Administrator_eclipse-workspace_Spring boot -Docker_spring-boot-Docker] INFO  o.eclipse.m2e.core.internal.Bundles - 	Entry: C:\Users\Administrator\.p2\pool\plugins\org.eclipse.m2e.maven.runtime_3.9.700.20240602-2313\jars\jansi-2.4.1.jar
2024-09-24 10:14:14,135 [Worker-19: Launching Executing install in C__Users_Administrator_eclipse-workspace_Spring boot -Docker_spring-boot-Docker] INFO  o.eclipse.m2e.core.internal.Bundles - 	Entry: C:\Users\Administrator\.p2\pool\plugins\org.eclipse.m2e.maven.runtime_3.9.700.20240602-2313\jars\jcl-over-slf4j-1.7.36.jar
2024-09-24 10:14:14,136 [Worker-19: Launching Executing install in C__Users_Administrator_eclipse-workspace_Spring boot -Docker_spring-boot-Docker] INFO  o.eclipse.m2e.core.internal.Bundles - 	Entry: C:\Users\Administrator\.p2\pool\plugins\org.eclipse.m2e.maven.runtime_3.9.700.20240602-2313\jars\maven-artifact-3.9.7.jar
2024-09-24 10:14:14,137 [Worker-19: Launching Executing install in C__Users_Administrator_eclipse-workspace_Spring boot -Docker_spring-boot-Docker] INFO  o.eclipse.m2e.core.internal.Bundles - 	Entry: C:\Users\Administrator\.p2\pool\plugins\org.eclipse.m2e.maven.runtime_3.9.700.20240602-2313\jars\maven-builder-support-3.9.7.jar
2024-09-24 10:14:14,138 [Worker-19: Launching Executing install in C__Users_Administrator_eclipse-workspace_Spring boot -Docker_spring-boot-Docker] INFO  o.eclipse.m2e.core.internal.Bundles - 	Entry: C:\Users\Administrator\.p2\pool\plugins\org.eclipse.m2e.maven.runtime_3.9.700.20240602-2313\jars\maven-compat-3.9.7.jar
2024-09-24 10:14:14,141 [Worker-19: Launching Executing install in C__Users_Administrator_eclipse-workspace_Spring boot -Docker_spring-boot-Docker] INFO  o.eclipse.m2e.core.internal.Bundles - 	Entry: C:\Users\Administrator\.p2\pool\plugins\org.eclipse.m2e.maven.runtime_3.9.700.20240602-2313\jars\maven-core-3.9.7.jar
2024-09-24 10:14:14,142 [Worker-19: Launching Executing install in C__Users_Administrator_eclipse-workspace_Spring boot -Docker_spring-boot-Docker] INFO  o.eclipse.m2e.core.internal.Bundles - 	Entry: C:\Users\Administrator\.p2\pool\plugins\org.eclipse.m2e.maven.runtime_3.9.700.20240602-2313\jars\maven-embedder-3.9.7.jar
2024-09-24 10:14:14,143 [Worker-19: Launching Executing install in C__Users_Administrator_eclipse-workspace_Spring boot -Docker_spring-boot-Docker] INFO  o.eclipse.m2e.core.internal.Bundles - 	Entry: C:\Users\Administrator\.p2\pool\plugins\org.eclipse.m2e.maven.runtime_3.9.700.20240602-2313\jars\maven-model-3.9.7.jar
2024-09-24 10:14:14,144 [Worker-19: Launching Executing install in C__Users_Administrator_eclipse-workspace_Spring boot -Docker_spring-boot-Docker] INFO  o.eclipse.m2e.core.internal.Bundles - 	Entry: C:\Users\Administrator\.p2\pool\plugins\org.eclipse.m2e.maven.runtime_3.9.700.20240602-2313\jars\maven-model-builder-3.9.7.jar
2024-09-24 10:14:14,144 [Worker-19: Launching Executing install in C__Users_Administrator_eclipse-workspace_Spring boot -Docker_spring-boot-Docker] INFO  o.eclipse.m2e.core.internal.Bundles - 	Entry: C:\Users\Administrator\.p2\pool\plugins\org.eclipse.m2e.maven.runtime_3.9.700.20240602-2313\jars\maven-plugin-api-3.9.7.jar
2024-09-24 10:14:14,145 [Worker-19: Launching Executing install in C__Users_Administrator_eclipse-workspace_Spring boot -Docker_spring-boot-Docker] INFO  o.eclipse.m2e.core.internal.Bundles - 	Entry: C:\Users\Administrator\.p2\pool\plugins\org.eclipse.m2e.maven.runtime_3.9.700.20240602-2313\jars\maven-repository-metadata-3.9.7.jar
2024-09-24 10:14:14,146 [Worker-19: Launching Executing install in C__Users_Administrator_eclipse-workspace_Spring boot -Docker_spring-boot-Docker] INFO  o.eclipse.m2e.core.internal.Bundles - 	Entry: C:\Users\Administrator\.p2\pool\plugins\org.eclipse.m2e.maven.runtime_3.9.700.20240602-2313\jars\maven-resolver-api-1.9.20.jar
2024-09-24 10:14:14,147 [Worker-19: Launching Executing install in C__Users_Administrator_eclipse-workspace_Spring boot -Docker_spring-boot-Docker] INFO  o.eclipse.m2e.core.internal.Bundles - 	Entry: C:\Users\Administrator\.p2\pool\plugins\org.eclipse.m2e.maven.runtime_3.9.700.20240602-2313\jars\maven-resolver-connector-basic-1.9.20.jar
2024-09-24 10:14:14,148 [Worker-19: Launching Executing install in C__Users_Administrator_eclipse-workspace_Spring boot -Docker_spring-boot-Docker] INFO  o.eclipse.m2e.core.internal.Bundles - 	Entry: C:\Users\Administrator\.p2\pool\plugins\org.eclipse.m2e.maven.runtime_3.9.700.20240602-2313\jars\maven-resolver-impl-1.9.20.jar
2024-09-24 10:14:14,149 [Worker-19: Launching Executing install in C__Users_Administrator_eclipse-workspace_Spring boot -Docker_spring-boot-Docker] INFO  o.eclipse.m2e.core.internal.Bundles - 	Entry: C:\Users\Administrator\.p2\pool\plugins\org.eclipse.m2e.maven.runtime_3.9.700.20240602-2313\jars\maven-resolver-named-locks-1.9.20.jar
2024-09-24 10:14:14,151 [Worker-19: Launching Executing install in C__Users_Administrator_eclipse-workspace_Spring boot -Docker_spring-boot-Docker] INFO  o.eclipse.m2e.core.internal.Bundles - 	Entry: C:\Users\Administrator\.p2\pool\plugins\org.eclipse.m2e.maven.runtime_3.9.700.20240602-2313\jars\maven-resolver-provider-3.9.7.jar
2024-09-24 10:14:14,153 [Worker-19: Launching Executing install in C__Users_Administrator_eclipse-workspace_Spring boot -Docker_spring-boot-Docker] INFO  o.eclipse.m2e.core.internal.Bundles - 	Entry: C:\Users\Administrator\.p2\pool\plugins\org.eclipse.m2e.maven.runtime_3.9.700.20240602-2313\jars\maven-resolver-spi-1.9.20.jar
2024-09-24 10:14:14,157 [Worker-19: Launching Executing install in C__Users_Administrator_eclipse-workspace_Spring boot -Docker_spring-boot-Docker] INFO  o.eclipse.m2e.core.internal.Bundles - 	Entry: C:\Users\Administrator\.p2\pool\plugins\org.eclipse.m2e.maven.runtime_3.9.700.20240602-2313\jars\maven-resolver-transport-file-1.9.20.jar
2024-09-24 10:14:14,158 [Worker-19: Launching Executing install in C__Users_Administrator_eclipse-workspace_Spring boot -Docker_spring-boot-Docker] INFO  o.eclipse.m2e.core.internal.Bundles - 	Entry: C:\Users\Administrator\.p2\pool\plugins\org.eclipse.m2e.maven.runtime_3.9.700.20240602-2313\jars\maven-resolver-transport-http-1.9.20.jar
2024-09-24 10:14:14,165 [Worker-19: Launching Executing install in C__Users_Administrator_eclipse-workspace_Spring boot -Docker_spring-boot-Docker] INFO  o.eclipse.m2e.core.internal.Bundles - 	Entry: C:\Users\Administrator\.p2\pool\plugins\org.eclipse.m2e.maven.runtime_3.9.700.20240602-2313\jars\maven-resolver-transport-wagon-1.9.20.jar
2024-09-24 10:14:14,165 [Worker-19: Launching Executing install in C__Users_Administrator_eclipse-workspace_Spring boot -Docker_spring-boot-Docker] INFO  o.eclipse.m2e.core.internal.Bundles - 	Entry: C:\Users\Administrator\.p2\pool\plugins\org.eclipse.m2e.maven.runtime_3.9.700.20240602-2313\jars\maven-resolver-util-1.9.20.jar
2024-09-24 10:14:14,165 [Worker-19: Launching Executing install in C__Users_Administrator_eclipse-workspace_Spring boot -Docker_spring-boot-Docker] INFO  o.eclipse.m2e.core.internal.Bundles - 	Entry: C:\Users\Administrator\.p2\pool\plugins\org.eclipse.m2e.maven.runtime_3.9.700.20240602-2313\jars\maven-settings-3.9.7.jar
2024-09-24 10:14:14,167 [Worker-19: Launching Executing install in C__Users_Administrator_eclipse-workspace_Spring boot -Docker_spring-boot-Docker] INFO  o.eclipse.m2e.core.internal.Bundles - 	Entry: C:\Users\Administrator\.p2\pool\plugins\org.eclipse.m2e.maven.runtime_3.9.700.20240602-2313\jars\maven-settings-builder-3.9.7.jar
2024-09-24 10:14:14,167 [Worker-19: Launching Executing install in C__Users_Administrator_eclipse-workspace_Spring boot -Docker_spring-boot-Docker] INFO  o.eclipse.m2e.core.internal.Bundles - 	Entry: C:\Users\Administrator\.p2\pool\plugins\org.eclipse.m2e.maven.runtime_3.9.700.20240602-2313\jars\maven-shared-utils-3.4.2.jar
2024-09-24 10:14:14,168 [Worker-19: Launching Executing install in C__Users_Administrator_eclipse-workspace_Spring boot -Docker_spring-boot-Docker] INFO  o.eclipse.m2e.core.internal.Bundles - 	Entry: C:\Users\Administrator\.p2\pool\plugins\org.eclipse.m2e.maven.runtime_3.9.700.20240602-2313\jars\org.eclipse.sisu.inject-0.9.0.M2.jar
2024-09-24 10:14:14,168 [Worker-19: Launching Executing install in C__Users_Administrator_eclipse-workspace_Spring boot -Docker_spring-boot-Docker] INFO  o.eclipse.m2e.core.internal.Bundles - 	Entry: C:\Users\Administrator\.p2\pool\plugins\org.eclipse.m2e.maven.runtime_3.9.700.20240602-2313\jars\org.eclipse.sisu.plexus-0.9.0.M2.jar
2024-09-24 10:14:14,168 [Worker-19: Launching Executing install in C__Users_Administrator_eclipse-workspace_Spring boot -Docker_spring-boot-Docker] INFO  o.eclipse.m2e.core.internal.Bundles - 	Entry: C:\Users\Administrator\.p2\pool\plugins\org.eclipse.m2e.maven.runtime_3.9.700.20240602-2313\jars\plexus-build-api-0.0.7.jar
2024-09-24 10:14:14,168 [Worker-19: Launching Executing install in C__Users_Administrator_eclipse-workspace_Spring boot -Docker_spring-boot-Docker] INFO  o.eclipse.m2e.core.internal.Bundles - 	Entry: C:\Users\Administrator\.p2\pool\plugins\org.eclipse.m2e.maven.runtime_3.9.700.20240602-2313\jars\plexus-build-api-1.2.0.jar
2024-09-24 10:14:14,169 [Worker-19: Launching Executing install in C__Users_Administrator_eclipse-workspace_Spring boot -Docker_spring-boot-Docker] INFO  o.eclipse.m2e.core.internal.Bundles - 	Entry: C:\Users\Administrator\.p2\pool\plugins\org.eclipse.m2e.maven.runtime_3.9.700.20240602-2313\jars\plexus-cipher-2.0.jar
2024-09-24 10:14:14,169 [Worker-19: Launching Executing install in C__Users_Administrator_eclipse-workspace_Spring boot -Docker_spring-boot-Docker] INFO  o.eclipse.m2e.core.internal.Bundles - 	Entry: C:\Users\Administrator\.p2\pool\plugins\org.eclipse.m2e.maven.runtime_3.9.700.20240602-2313\jars\plexus-classworlds-2.8.0.jar
2024-09-24 10:14:14,172 [Worker-19: Launching Executing install in C__Users_Administrator_eclipse-workspace_Spring boot -Docker_spring-boot-Docker] INFO  o.eclipse.m2e.core.internal.Bundles - 	Entry: C:\Users\Administrator\.p2\pool\plugins\org.eclipse.m2e.maven.runtime_3.9.700.20240602-2313\jars\plexus-component-annotations-2.1.0.jar
2024-09-24 10:14:14,172 [Worker-19: Launching Executing install in C__Users_Administrator_eclipse-workspace_Spring boot -Docker_spring-boot-Docker] INFO  o.eclipse.m2e.core.internal.Bundles - 	Entry: C:\Users\Administrator\.p2\pool\plugins\org.eclipse.m2e.maven.runtime_3.9.700.20240602-2313\jars\plexus-interpolation-1.27.jar
2024-09-24 10:14:14,172 [Worker-19: Launching Executing install in C__Users_Administrator_eclipse-workspace_Spring boot -Docker_spring-boot-Docker] INFO  o.eclipse.m2e.core.internal.Bundles - 	Entry: C:\Users\Administrator\.p2\pool\plugins\org.eclipse.m2e.maven.runtime_3.9.700.20240602-2313\jars\plexus-sec-dispatcher-2.0.jar
2024-09-24 10:14:14,172 [Worker-19: Launching Executing install in C__Users_Administrator_eclipse-workspace_Spring boot -Docker_spring-boot-Docker] INFO  o.eclipse.m2e.core.internal.Bundles - 	Entry: C:\Users\Administrator\.p2\pool\plugins\org.eclipse.m2e.maven.runtime_3.9.700.20240602-2313\jars\plexus-utils-3.5.1.jar
2024-09-24 10:14:14,173 [Worker-19: Launching Executing install in C__Users_Administrator_eclipse-workspace_Spring boot -Docker_spring-boot-Docker] INFO  o.eclipse.m2e.core.internal.Bundles - 	Entry: C:\Users\Administrator\.p2\pool\plugins\org.eclipse.m2e.maven.runtime_3.9.700.20240602-2313\jars\wagon-file-3.5.3.jar
2024-09-24 10:14:14,173 [Worker-19: Launching Executing install in C__Users_Administrator_eclipse-workspace_Spring boot -Docker_spring-boot-Docker] INFO  o.eclipse.m2e.core.internal.Bundles - 	Entry: C:\Users\Administrator\.p2\pool\plugins\org.eclipse.m2e.maven.runtime_3.9.700.20240602-2313\jars\wagon-http-3.5.3.jar
2024-09-24 10:14:14,173 [Worker-19: Launching Executing install in C__Users_Administrator_eclipse-workspace_Spring boot -Docker_spring-boot-Docker] INFO  o.eclipse.m2e.core.internal.Bundles - 	Entry: C:\Users\Administrator\.p2\pool\plugins\org.eclipse.m2e.maven.runtime_3.9.700.20240602-2313\jars\wagon-http-shared-3.5.3.jar
2024-09-24 10:14:14,173 [Worker-19: Launching Executing install in C__Users_Administrator_eclipse-workspace_Spring boot -Docker_spring-boot-Docker] INFO  o.eclipse.m2e.core.internal.Bundles - 	Entry: C:\Users\Administrator\.p2\pool\plugins\org.eclipse.m2e.maven.runtime_3.9.700.20240602-2313\jars\wagon-provider-api-3.5.3.jar
2024-09-24 10:14:14,176 [Worker-19: Launching Executing install in C__Users_Administrator_eclipse-workspace_Spring boot -Docker_spring-boot-Docker] INFO  o.eclipse.m2e.core.internal.Bundles - getClasspathEntries(Bundle=com.google.guava_33.2.0.jre [16])
2024-09-24 10:14:14,178 [Worker-19: Launching Executing install in C__Users_Administrator_eclipse-workspace_Spring boot -Docker_spring-boot-Docker] INFO  o.eclipse.m2e.core.internal.Bundles - 	Entry: C:\Users\Administrator\.p2\pool\plugins\com.google.guava_33.2.0.jre.jar
2024-09-24 10:14:14,178 [Worker-19: Launching Executing install in C__Users_Administrator_eclipse-workspace_Spring boot -Docker_spring-boot-Docker] INFO  o.eclipse.m2e.core.internal.Bundles - getClasspathEntries(Bundle=slf4j.api_2.0.13 [1007])
2024-09-24 10:14:14,179 [Worker-19: Launching Executing install in C__Users_Administrator_eclipse-workspace_Spring boot -Docker_spring-boot-Docker] INFO  o.eclipse.m2e.core.internal.Bundles - 	Entry: C:\Users\Administrator\.p2\pool\plugins\slf4j.api_2.0.13.jar
2024-09-24 10:14:14,179 [Worker-19: Launching Executing install in C__Users_Administrator_eclipse-workspace_Spring boot -Docker_spring-boot-Docker] INFO  o.eclipse.m2e.core.internal.Bundles - getClasspathEntries(Bundle=jakarta.inject.jakarta.inject-api_1.0.5 [33])
2024-09-24 10:14:14,180 [Worker-19: Launching Executing install in C__Users_Administrator_eclipse-workspace_Spring boot -Docker_spring-boot-Docker] INFO  o.eclipse.m2e.core.internal.Bundles - 	Entry: C:\Users\Administrator\.p2\pool\plugins\jakarta.inject.jakarta.inject-api_1.0.5.jar
2024-09-24 10:14:14,180 [Worker-19: Launching Executing install in C__Users_Administrator_eclipse-workspace_Spring boot -Docker_spring-boot-Docker] INFO  o.eclipse.m2e.core.internal.Bundles - getClasspathEntries(Bundle=javax.annotation_1.3.5.v20200909-1856 [44])
2024-09-24 10:14:14,181 [Worker-19: Launching Executing install in C__Users_Administrator_eclipse-workspace_Spring boot -Docker_spring-boot-Docker] INFO  o.eclipse.m2e.core.internal.Bundles - 	Entry: C:\Users\Administrator\.p2\pool\plugins\javax.annotation_1.3.5.v20200909-1856.jar
2024-09-24 10:14:14,181 [Worker-19: Launching Executing install in C__Users_Administrator_eclipse-workspace_Spring boot -Docker_spring-boot-Docker] INFO  o.eclipse.m2e.core.internal.Bundles - getClasspathEntries(Bundle=org.apache.commons.cli_1.8.0 [78])
2024-09-24 10:14:14,183 [Worker-19: Launching Executing install in C__Users_Administrator_eclipse-workspace_Spring boot -Docker_spring-boot-Docker] INFO  o.eclipse.m2e.core.internal.Bundles - 	Entry: C:\Users\Administrator\.p2\pool\plugins\org.apache.commons.cli_1.8.0.jar
2024-09-24 10:14:14,183 [Worker-19: Launching Executing install in C__Users_Administrator_eclipse-workspace_Spring boot -Docker_spring-boot-Docker] INFO  o.eclipse.m2e.core.internal.Bundles - getClasspathEntries(Bundle=org.apache.commons.commons-codec_1.16.0 [81])
2024-09-24 10:14:14,183 [Worker-19: Launching Executing install in C__Users_Administrator_eclipse-workspace_Spring boot -Docker_spring-boot-Docker] INFO  o.eclipse.m2e.core.internal.Bundles - 	Entry: C:\Users\Administrator\.p2\pool\plugins\org.apache.commons.commons-codec_1.16.0.jar
2024-09-24 10:14:14,183 [Worker-19: Launching Executing install in C__Users_Administrator_eclipse-workspace_Spring boot -Docker_spring-boot-Docker] INFO  o.eclipse.m2e.core.internal.Bundles - getClasspathEntries(Bundle=org.apache.commons.lang3_3.14.0 [89])
2024-09-24 10:14:14,184 [Worker-19: Launching Executing install in C__Users_Administrator_eclipse-workspace_Spring boot -Docker_spring-boot-Docker] INFO  o.eclipse.m2e.core.internal.Bundles - 	Entry: C:\Users\Administrator\.p2\pool\plugins\org.apache.commons.lang3_3.14.0.jar
2024-09-24 10:14:14,184 [Worker-19: Launching Executing install in C__Users_Administrator_eclipse-workspace_Spring boot -Docker_spring-boot-Docker] INFO  o.eclipse.m2e.core.internal.Bundles - getClasspathEntries(Bundle=com.google.guava.failureaccess_1.0.2 [17])
2024-09-24 10:14:14,185 [Worker-19: Launching Executing install in C__Users_Administrator_eclipse-workspace_Spring boot -Docker_spring-boot-Docker] INFO  o.eclipse.m2e.core.internal.Bundles - 	Entry: C:\Users\Administrator\.p2\pool\plugins\com.google.guava.failureaccess_1.0.2.jar
2024-09-24 10:14:14,208 [Worker-19: Launching Executing install in C__Users_Administrator_eclipse-workspace_Spring boot -Docker_spring-boot-Docker] INFO  o.e.m.i.launch.MavenLaunchDelegate - Run build in "C:\Users\Administrator\eclipse-workspace\Spring boot -Docker\spring-boot-Docker":
2024-09-24 10:14:14,210 [Worker-19: Launching Executing install in C__Users_Administrator_eclipse-workspace_Spring boot -Docker_spring-boot-Docker] INFO  o.e.m.i.launch.MavenLaunchDelegate -  mvn  -B -Dstyle.color=always install
2024-09-24 10:16:10,106 [Worker-18: Building] INFO  o.a.m.s.f.DefaultMavenResourcesFiltering - Copying 0 resource from src\main\resources to target\classes
2024-09-24 10:16:10,108 [Worker-18: Building] INFO  o.a.m.s.f.DefaultMavenResourcesFiltering - Copying 0 resource from src\main\resources to target\classes
2024-09-24 10:16:10,113 [Worker-18: Building] INFO  o.a.m.s.f.DefaultMavenResourcesFiltering - skip non existing resourceDirectory C:\Users\Administrator\eclipse-workspace\Spring boot -Docker\spring-boot-Docker\src\test\resources
