2024-09-18 09:54:20,060 [Worker-5: Loading available Gradle versions] INFO  o.e.b.c.i.u.g.PublishedGradleVersions - Gradle version information cache is out-of-date. Trying to update.
2024-09-18 10:05:23,144 [Worker-6: Importing Maven projects] INFO  o.e.m.c.i.l.LifecycleMappingFactory - Using org.eclipse.m2e.jdt.JarLifecycleMapping lifecycle mapping for MavenProject: com.example:spring-boot-exception-handling:0.0.1-SNAPSHOT @ C:\Users\Administrator\eclipse-workspace\spring-boot-exception-handling\spring-boot-exception-handling\pom.xml.
2024-09-18 10:05:24,642 [Worker-6: Importing Maven projects] INFO  o.e.m.j.i.AbstractJavaProjectConfigurator - Adding source folder /spring-boot-exception-handling/src/main/java
2024-09-18 10:05:24,645 [Worker-6: Importing Maven projects] INFO  o.e.m.j.i.AbstractJavaProjectConfigurator - Adding resource folder /spring-boot-exception-handling/src/main/resources
2024-09-18 10:05:24,685 [Worker-6: Importing Maven projects] INFO  o.e.m.j.i.AbstractJavaProjectConfigurator - Adding resource folder /spring-boot-exception-handling/src/main/resources
2024-09-18 10:05:24,691 [Worker-6: Importing Maven projects] INFO  o.e.m.j.i.AbstractJavaProjectConfigurator - Adding source folder /spring-boot-exception-handling/src/test/java
2024-09-18 10:05:24,692 [Worker-6: Importing Maven projects] INFO  o.e.m.j.i.AbstractJavaProjectConfigurator - Adding resource folder /spring-boot-exception-handling/src/test/resources
2024-09-18 10:05:25,650 [Worker-6: Importing Maven projects] INFO  o.e.m.c.i.p.ProjectConfigurationManager - Imported and configured 1 project(s) in 4 sec
2024-09-18 10:05:25,800 [Worker-6: Updating Maven Project] INFO  o.e.m.c.i.p.ProjectConfigurationManager - Update started
2024-09-18 10:05:27,422 [Worker-6: Updating Maven Project] INFO  o.e.m.c.i.l.LifecycleMappingFactory - Using org.eclipse.m2e.jdt.JarLifecycleMapping lifecycle mapping for MavenProject: com.example:spring-boot-exception-handling:0.0.1-SNAPSHOT @ C:\Users\Administrator\eclipse-workspace\spring-boot-exception-handling\spring-boot-exception-handling\pom.xml.
2024-09-18 10:05:28,416 [Worker-6: Updating Maven Project] INFO  o.e.m.j.i.AbstractJavaProjectConfigurator - Adding source folder /spring-boot-exception-handling/src/main/java
2024-09-18 10:05:28,453 [Worker-6: Updating Maven Project] INFO  o.e.m.j.i.AbstractJavaProjectConfigurator - Adding resource folder /spring-boot-exception-handling/src/main/resources
2024-09-18 10:05:28,454 [Worker-6: Updating Maven Project] INFO  o.e.m.j.i.AbstractJavaProjectConfigurator - Adding resource folder /spring-boot-exception-handling/src/main/resources
2024-09-18 10:05:28,455 [Worker-6: Updating Maven Project] INFO  o.e.m.j.i.AbstractJavaProjectConfigurator - Adding source folder /spring-boot-exception-handling/src/test/java
2024-09-18 10:05:28,456 [Worker-6: Updating Maven Project] INFO  o.e.m.j.i.AbstractJavaProjectConfigurator - Adding resource folder /spring-boot-exception-handling/src/test/resources
2024-09-18 10:05:29,353 [Worker-6: Updating Maven Project] INFO  o.e.m.c.i.p.ProjectConfigurationManager - Update completed for 1 poms: local refresh takes 0.00 sec, refresh facades takes 2.00 sec, update config takes 0.00 sec 
2024-09-18 10:05:30,934 [Worker-16: Building] INFO  o.a.m.s.f.DefaultMavenResourcesFiltering - Copying 1 resource from src\main\resources to target\classes
2024-09-18 10:05:30,959 [Worker-16: Building] INFO  o.a.m.s.f.DefaultMavenResourcesFiltering - Copying 0 resource from src\main\resources to target\classes
2024-09-18 10:05:30,968 [Worker-16: Building] INFO  o.a.m.s.f.DefaultMavenResourcesFiltering - skip non existing resourceDirectory C:\Users\Administrator\eclipse-workspace\spring-boot-exception-handling\spring-boot-exception-handling\src\test\resources
2024-09-18 10:07:11,919 [Worker-6: Building] INFO  o.a.m.s.f.DefaultMavenResourcesFiltering - Copying 1 resource from src\main\resources to target\classes
2024-09-18 10:07:11,931 [Worker-6: Building] INFO  o.a.m.s.f.DefaultMavenResourcesFiltering - Copying 0 resource from src\main\resources to target\classes
2024-09-18 10:07:11,937 [Worker-6: Building] INFO  o.a.m.s.f.DefaultMavenResourcesFiltering - skip non existing resourceDirectory C:\Users\Administrator\eclipse-workspace\spring-boot-exception-handling\spring-boot-exception-handling\src\test\resources
2024-09-18 10:07:45,588 [Worker-6: Building] INFO  o.a.m.s.f.DefaultMavenResourcesFiltering - Copying 1 resource from src\main\resources to target\classes
2024-09-18 10:07:45,599 [Worker-6: Building] INFO  o.a.m.s.f.DefaultMavenResourcesFiltering - Copying 0 resource from src\main\resources to target\classes
2024-09-18 10:07:45,605 [Worker-6: Building] INFO  o.a.m.s.f.DefaultMavenResourcesFiltering - skip non existing resourceDirectory C:\Users\Administrator\eclipse-workspace\spring-boot-exception-handling\spring-boot-exception-handling\src\test\resources
2024-09-18 10:07:56,538 [Start Help Server] INFO  org.eclipse.jetty.server.Server - jetty-12.0.9; built: 2024-05-03T13:03:17.262Z; git: efe8023327e67287f9bfd006700e6a71d45b5dd6; jvm 22.0.2+9-70
2024-09-18 10:07:56,638 [Start Help Server] INFO  o.e.j.server.handler.ContextHandler - Started oeje8n.ContextHandler$CoreContextHandler@369afa3c{/help,/help,b=null,a=AVAILABLE,h=oeje8n.ContextHandler$CoreContextHandler$CoreToNestedHandler@50e101f0{STARTED}}
2024-09-18 10:07:56,639 [Start Help Server] INFO  o.e.j.s.DefaultSessionIdManager - Session workerName=node0
2024-09-18 10:07:56,687 [Start Help Server] INFO  o.e.jetty.server.AbstractConnector - Started ServerConnector@74a4f483{HTTP/1.1, (http/1.1)}{127.0.0.1:59560}
2024-09-18 10:07:56,731 [Start Help Server] INFO  org.eclipse.jetty.server.Server - Started oejs.Server@6461e122{STARTING}[12.0.9,sto=0] @832393ms
2024-09-18 10:11:28,802 [Worker-19: Building] INFO  o.a.m.s.f.DefaultMavenResourcesFiltering - Copying 1 resource from src\main\resources to target\classes
2024-09-18 10:11:28,815 [Worker-19: Building] INFO  o.a.m.s.f.DefaultMavenResourcesFiltering - Copying 0 resource from src\main\resources to target\classes
2024-09-18 10:11:28,821 [Worker-19: Building] INFO  o.a.m.s.f.DefaultMavenResourcesFiltering - skip non existing resourceDirectory C:\Users\Administrator\eclipse-workspace\spring-boot-exception-handling\spring-boot-exception-handling\src\test\resources
2024-09-18 10:15:18,330 [Worker-18: Building] INFO  o.a.m.s.f.DefaultMavenResourcesFiltering - Copying 1 resource from src\main\resources to target\classes
2024-09-18 10:15:18,362 [Worker-18: Building] INFO  o.a.m.s.f.DefaultMavenResourcesFiltering - Copying 0 resource from src\main\resources to target\classes
2024-09-18 10:15:18,369 [Worker-18: Building] INFO  o.a.m.s.f.DefaultMavenResourcesFiltering - skip non existing resourceDirectory C:\Users\Administrator\eclipse-workspace\spring-boot-exception-handling\spring-boot-exception-handling\src\test\resources
2024-09-18 10:29:59,950 [Worker-21: Building] INFO  o.a.m.s.f.DefaultMavenResourcesFiltering - Copying 1 resource from src\main\resources to target\classes
2024-09-18 10:29:59,984 [Worker-21: Building] INFO  o.a.m.s.f.DefaultMavenResourcesFiltering - Copying 0 resource from src\main\resources to target\classes
2024-09-18 10:29:59,990 [Worker-21: Building] INFO  o.a.m.s.f.DefaultMavenResourcesFiltering - skip non existing resourceDirectory C:\Users\Administrator\eclipse-workspace\spring-boot-exception-handling\spring-boot-exception-handling\src\test\resources
2024-09-18 10:30:09,161 [Worker-28: Building] INFO  o.a.m.s.f.DefaultMavenResourcesFiltering - Copying 1 resource from src\main\resources to target\classes
2024-09-18 10:30:09,184 [Worker-28: Building] INFO  o.a.m.s.f.DefaultMavenResourcesFiltering - Copying 0 resource from src\main\resources to target\classes
2024-09-18 10:30:09,189 [Worker-28: Building] INFO  o.a.m.s.f.DefaultMavenResourcesFiltering - skip non existing resourceDirectory C:\Users\Administrator\eclipse-workspace\spring-boot-exception-handling\spring-boot-exception-handling\src\test\resources
2024-09-18 10:30:18,841 [Worker-29: Building] INFO  o.a.m.s.f.DefaultMavenResourcesFiltering - Copying 1 resource from src\main\resources to target\classes
2024-09-18 10:30:18,865 [Worker-29: Building] INFO  o.a.m.s.f.DefaultMavenResourcesFiltering - Copying 0 resource from src\main\resources to target\classes
2024-09-18 10:30:18,871 [Worker-29: Building] INFO  o.a.m.s.f.DefaultMavenResourcesFiltering - skip non existing resourceDirectory C:\Users\Administrator\eclipse-workspace\spring-boot-exception-handling\spring-boot-exception-handling\src\test\resources
2024-09-18 10:39:19,054 [Worker-21: Building] INFO  o.a.m.s.f.DefaultMavenResourcesFiltering - Copying 1 resource from src\main\resources to target\classes
2024-09-18 10:39:19,077 [Worker-21: Building] INFO  o.a.m.s.f.DefaultMavenResourcesFiltering - Copying 0 resource from src\main\resources to target\classes
2024-09-18 10:39:19,088 [Worker-21: Building] INFO  o.a.m.s.f.DefaultMavenResourcesFiltering - skip non existing resourceDirectory C:\Users\Administrator\eclipse-workspace\spring-boot-exception-handling\spring-boot-exception-handling\src\test\resources
2024-09-18 10:40:52,725 [Worker-21: Building] INFO  o.a.m.s.f.DefaultMavenResourcesFiltering - Copying 1 resource from src\main\resources to target\classes
2024-09-18 10:40:52,737 [Worker-21: Building] INFO  o.a.m.s.f.DefaultMavenResourcesFiltering - Copying 0 resource from src\main\resources to target\classes
2024-09-18 10:40:52,743 [Worker-21: Building] INFO  o.a.m.s.f.DefaultMavenResourcesFiltering - skip non existing resourceDirectory C:\Users\Administrator\eclipse-workspace\spring-boot-exception-handling\spring-boot-exception-handling\src\test\resources
2024-09-18 10:41:07,975 [Worker-30: Building] INFO  o.a.m.s.f.DefaultMavenResourcesFiltering - Copying 1 resource from src\main\resources to target\classes
2024-09-18 10:41:07,988 [Worker-30: Building] INFO  o.a.m.s.f.DefaultMavenResourcesFiltering - Copying 0 resource from src\main\resources to target\classes
2024-09-18 10:41:07,993 [Worker-30: Building] INFO  o.a.m.s.f.DefaultMavenResourcesFiltering - skip non existing resourceDirectory C:\Users\Administrator\eclipse-workspace\spring-boot-exception-handling\spring-boot-exception-handling\src\test\resources
2024-09-18 10:49:51,151 [Worker-32: Building] INFO  o.a.m.s.f.DefaultMavenResourcesFiltering - Copying 1 resource from src\main\resources to target\classes
2024-09-18 10:49:51,167 [Worker-32: Building] INFO  o.a.m.s.f.DefaultMavenResourcesFiltering - Copying 0 resource from src\main\resources to target\classes
2024-09-18 10:49:51,172 [Worker-32: Building] INFO  o.a.m.s.f.DefaultMavenResourcesFiltering - skip non existing resourceDirectory C:\Users\Administrator\eclipse-workspace\spring-boot-exception-handling\spring-boot-exception-handling\src\test\resources
2024-09-18 10:50:18,052 [Worker-34: Building] INFO  o.a.m.s.f.DefaultMavenResourcesFiltering - Copying 1 resource from src\main\resources to target\classes
2024-09-18 10:50:18,069 [Worker-34: Building] INFO  o.a.m.s.f.DefaultMavenResourcesFiltering - Copying 0 resource from src\main\resources to target\classes
2024-09-18 10:50:18,074 [Worker-34: Building] INFO  o.a.m.s.f.DefaultMavenResourcesFiltering - skip non existing resourceDirectory C:\Users\Administrator\eclipse-workspace\spring-boot-exception-handling\spring-boot-exception-handling\src\test\resources
2024-09-18 10:50:49,603 [Worker-33: Building] INFO  o.a.m.s.f.DefaultMavenResourcesFiltering - Copying 1 resource from src\main\resources to target\classes
2024-09-18 10:50:49,620 [Worker-33: Building] INFO  o.a.m.s.f.DefaultMavenResourcesFiltering - Copying 0 resource from src\main\resources to target\classes
2024-09-18 10:50:49,625 [Worker-33: Building] INFO  o.a.m.s.f.DefaultMavenResourcesFiltering - skip non existing resourceDirectory C:\Users\Administrator\eclipse-workspace\spring-boot-exception-handling\spring-boot-exception-handling\src\test\resources
2024-09-18 10:51:11,702 [Worker-32: Building] INFO  o.a.m.s.f.DefaultMavenResourcesFiltering - Copying 1 resource from src\main\resources to target\classes
2024-09-18 10:51:11,729 [Worker-32: Building] INFO  o.a.m.s.f.DefaultMavenResourcesFiltering - Copying 0 resource from src\main\resources to target\classes
2024-09-18 10:51:11,734 [Worker-32: Building] INFO  o.a.m.s.f.DefaultMavenResourcesFiltering - skip non existing resourceDirectory C:\Users\Administrator\eclipse-workspace\spring-boot-exception-handling\spring-boot-exception-handling\src\test\resources
2024-09-18 10:52:19,211 [Worker-30: Building] INFO  o.a.m.s.f.DefaultMavenResourcesFiltering - Copying 1 resource from src\main\resources to target\classes
2024-09-18 10:52:19,224 [Worker-30: Building] INFO  o.a.m.s.f.DefaultMavenResourcesFiltering - Copying 0 resource from src\main\resources to target\classes
2024-09-18 10:52:19,229 [Worker-30: Building] INFO  o.a.m.s.f.DefaultMavenResourcesFiltering - skip non existing resourceDirectory C:\Users\Administrator\eclipse-workspace\spring-boot-exception-handling\spring-boot-exception-handling\src\test\resources
2024-09-18 11:07:07,353 [Worker-36: Building] INFO  o.a.m.s.f.DefaultMavenResourcesFiltering - Copying 1 resource from src\main\resources to target\classes
2024-09-18 11:07:07,374 [Worker-36: Building] INFO  o.a.m.s.f.DefaultMavenResourcesFiltering - Copying 0 resource from src\main\resources to target\classes
2024-09-18 11:07:07,379 [Worker-36: Building] INFO  o.a.m.s.f.DefaultMavenResourcesFiltering - skip non existing resourceDirectory C:\Users\Administrator\eclipse-workspace\spring-boot-exception-handling\spring-boot-exception-handling\src\test\resources
2024-09-18 11:07:21,467 [Worker-37: Building] INFO  o.a.m.s.f.DefaultMavenResourcesFiltering - Copying 1 resource from src\main\resources to target\classes
2024-09-18 11:07:21,492 [Worker-37: Building] INFO  o.a.m.s.f.DefaultMavenResourcesFiltering - Copying 0 resource from src\main\resources to target\classes
2024-09-18 11:07:21,503 [Worker-37: Building] INFO  o.a.m.s.f.DefaultMavenResourcesFiltering - skip non existing resourceDirectory C:\Users\Administrator\eclipse-workspace\spring-boot-exception-handling\spring-boot-exception-handling\src\test\resources
2024-09-18 11:07:50,905 [Worker-35: Building] INFO  o.a.m.s.f.DefaultMavenResourcesFiltering - Copying 1 resource from src\main\resources to target\classes
2024-09-18 11:07:50,918 [Worker-35: Building] INFO  o.a.m.s.f.DefaultMavenResourcesFiltering - Copying 0 resource from src\main\resources to target\classes
2024-09-18 11:07:50,923 [Worker-35: Building] INFO  o.a.m.s.f.DefaultMavenResourcesFiltering - skip non existing resourceDirectory C:\Users\Administrator\eclipse-workspace\spring-boot-exception-handling\spring-boot-exception-handling\src\test\resources
2024-09-18 11:10:39,950 [Worker-36: Building] INFO  o.a.m.s.f.DefaultMavenResourcesFiltering - Copying 1 resource from src\main\resources to target\classes
2024-09-18 11:10:39,964 [Worker-36: Building] INFO  o.a.m.s.f.DefaultMavenResourcesFiltering - Copying 0 resource from src\main\resources to target\classes
2024-09-18 11:10:39,969 [Worker-36: Building] INFO  o.a.m.s.f.DefaultMavenResourcesFiltering - skip non existing resourceDirectory C:\Users\Administrator\eclipse-workspace\spring-boot-exception-handling\spring-boot-exception-handling\src\test\resources
2024-09-18 11:10:56,149 [Worker-33: Building] INFO  o.a.m.s.f.DefaultMavenResourcesFiltering - Copying 1 resource from src\main\resources to target\classes
2024-09-18 11:10:56,173 [Worker-33: Building] INFO  o.a.m.s.f.DefaultMavenResourcesFiltering - Copying 0 resource from src\main\resources to target\classes
2024-09-18 11:10:56,178 [Worker-33: Building] INFO  o.a.m.s.f.DefaultMavenResourcesFiltering - skip non existing resourceDirectory C:\Users\Administrator\eclipse-workspace\spring-boot-exception-handling\spring-boot-exception-handling\src\test\resources
2024-09-18 11:13:37,234 [Worker-36: Building] INFO  o.e.m.c.i.l.LifecycleMappingFactory - Using org.eclipse.m2e.jdt.JarLifecycleMapping lifecycle mapping for MavenProject: com.example:spring-boot-exception-handling:0.0.1-SNAPSHOT @ C:\Users\Administrator\eclipse-workspace\spring-boot-exception-handling\spring-boot-exception-handling\pom.xml.
2024-09-18 11:13:38,348 [Worker-36: Building] INFO  o.a.m.s.f.DefaultMavenResourcesFiltering - Copying 0 resource from src\main\resources to target\classes
2024-09-18 11:13:38,350 [Worker-36: Building] INFO  o.a.m.s.f.DefaultMavenResourcesFiltering - Copying 0 resource from src\main\resources to target\classes
2024-09-18 11:13:38,365 [Worker-36: Building] INFO  o.a.m.s.f.DefaultMavenResourcesFiltering - skip non existing resourceDirectory C:\Users\Administrator\eclipse-workspace\spring-boot-exception-handling\spring-boot-exception-handling\src\test\resources
2024-09-18 11:13:39,764 [Worker-38: Building] INFO  o.a.m.s.f.DefaultMavenResourcesFiltering - Copying 1 resource from src\main\resources to target\classes
2024-09-18 11:13:39,784 [Worker-38: Building] INFO  o.a.m.s.f.DefaultMavenResourcesFiltering - Copying 0 resource from src\main\resources to target\classes
2024-09-18 11:13:39,789 [Worker-38: Building] INFO  o.a.m.s.f.DefaultMavenResourcesFiltering - skip non existing resourceDirectory C:\Users\Administrator\eclipse-workspace\spring-boot-exception-handling\spring-boot-exception-handling\src\test\resources
2024-09-18 11:13:40,921 [Worker-38: Building] INFO  o.a.m.s.f.DefaultMavenResourcesFiltering - Copying 1 resource from src\main\resources to target\classes
2024-09-18 11:13:41,015 [Worker-38: Building] INFO  o.a.m.s.f.DefaultMavenResourcesFiltering - Copying 0 resource from src\main\resources to target\classes
2024-09-18 11:13:41,024 [Worker-38: Building] INFO  o.a.m.s.f.DefaultMavenResourcesFiltering - skip non existing resourceDirectory C:\Users\Administrator\eclipse-workspace\spring-boot-exception-handling\spring-boot-exception-handling\src\test\resources
2024-09-18 11:15:18,793 [Worker-38: Building] INFO  o.e.m.c.i.l.LifecycleMappingFactory - Using org.eclipse.m2e.jdt.JarLifecycleMapping lifecycle mapping for MavenProject: com.example:spring-boot-exception-handling:0.0.1-SNAPSHOT @ C:\Users\Administrator\eclipse-workspace\spring-boot-exception-handling\spring-boot-exception-handling\pom.xml.
2024-09-18 11:15:19,703 [Worker-38: Building] INFO  o.a.m.s.f.DefaultMavenResourcesFiltering - Copying 0 resource from src\main\resources to target\classes
2024-09-18 11:15:19,705 [Worker-38: Building] INFO  o.a.m.s.f.DefaultMavenResourcesFiltering - Copying 0 resource from src\main\resources to target\classes
2024-09-18 11:15:19,712 [Worker-38: Building] INFO  o.a.m.s.f.DefaultMavenResourcesFiltering - skip non existing resourceDirectory C:\Users\Administrator\eclipse-workspace\spring-boot-exception-handling\spring-boot-exception-handling\src\test\resources
2024-09-18 11:15:48,648 [Worker-37: Building] INFO  o.a.m.s.f.DefaultMavenResourcesFiltering - Copying 1 resource from src\main\resources to target\classes
2024-09-18 11:15:48,673 [Worker-37: Building] INFO  o.a.m.s.f.DefaultMavenResourcesFiltering - Copying 0 resource from src\main\resources to target\classes
2024-09-18 11:15:48,677 [Worker-37: Building] INFO  o.a.m.s.f.DefaultMavenResourcesFiltering - skip non existing resourceDirectory C:\Users\Administrator\eclipse-workspace\spring-boot-exception-handling\spring-boot-exception-handling\src\test\resources
2024-09-18 11:17:04,301 [Worker-38: Building] INFO  o.e.m.c.i.l.LifecycleMappingFactory - Using org.eclipse.m2e.jdt.JarLifecycleMapping lifecycle mapping for MavenProject: com.example:spring-boot-exception-handling:0.0.1-SNAPSHOT @ C:\Users\Administrator\eclipse-workspace\spring-boot-exception-handling\spring-boot-exception-handling\pom.xml.
2024-09-18 11:17:05,166 [Worker-38: Building] INFO  o.a.m.s.f.DefaultMavenResourcesFiltering - Copying 0 resource from src\main\resources to target\classes
2024-09-18 11:17:05,167 [Worker-38: Building] INFO  o.a.m.s.f.DefaultMavenResourcesFiltering - Copying 0 resource from src\main\resources to target\classes
2024-09-18 11:17:05,174 [Worker-38: Building] INFO  o.a.m.s.f.DefaultMavenResourcesFiltering - skip non existing resourceDirectory C:\Users\Administrator\eclipse-workspace\spring-boot-exception-handling\spring-boot-exception-handling\src\test\resources
2024-09-18 11:17:29,630 [Worker-39: Updating Maven Project] INFO  o.e.m.c.i.p.ProjectConfigurationManager - Update started
2024-09-18 11:17:30,057 [Worker-39: Updating Maven Project] INFO  o.e.m.c.i.l.LifecycleMappingFactory - Using org.eclipse.m2e.jdt.JarLifecycleMapping lifecycle mapping for MavenProject: com.example:spring-boot-exception-handling:0.0.1-SNAPSHOT @ C:\Users\Administrator\eclipse-workspace\spring-boot-exception-handling\spring-boot-exception-handling\pom.xml.
2024-09-18 11:17:30,754 [Worker-39: Updating Maven Project] INFO  o.e.m.j.i.AbstractJavaProjectConfigurator - Adding source folder /spring-boot-exception-handling/src/main/java
2024-09-18 11:17:30,755 [Worker-39: Updating Maven Project] INFO  o.e.m.j.i.AbstractJavaProjectConfigurator - Adding resource folder /spring-boot-exception-handling/src/main/resources
2024-09-18 11:17:30,756 [Worker-39: Updating Maven Project] INFO  o.e.m.j.i.AbstractJavaProjectConfigurator - Adding resource folder /spring-boot-exception-handling/src/main/resources
2024-09-18 11:17:30,756 [Worker-39: Updating Maven Project] INFO  o.e.m.j.i.AbstractJavaProjectConfigurator - Adding source folder /spring-boot-exception-handling/src/test/java
2024-09-18 11:17:30,757 [Worker-39: Updating Maven Project] INFO  o.e.m.j.i.AbstractJavaProjectConfigurator - Adding resource folder /spring-boot-exception-handling/src/test/resources
2024-09-18 11:17:31,124 [Worker-39: Updating Maven Project] INFO  o.e.m.c.i.p.ProjectConfigurationManager - Update completed for 1 poms: local refresh takes 0.00 sec, refresh facades takes 1.00 sec, update config takes 0.00 sec 
2024-09-18 11:17:31,465 [Worker-22: Building] INFO  o.a.m.s.f.DefaultMavenResourcesFiltering - Copying 1 resource from src\main\resources to target\classes
2024-09-18 11:17:31,486 [Worker-22: Building] INFO  o.a.m.s.f.DefaultMavenResourcesFiltering - Copying 0 resource from src\main\resources to target\classes
2024-09-18 11:17:31,493 [Worker-22: Building] INFO  o.a.m.s.f.DefaultMavenResourcesFiltering - skip non existing resourceDirectory C:\Users\Administrator\eclipse-workspace\spring-boot-exception-handling\spring-boot-exception-handling\src\test\resources
2024-09-18 12:45:17,956 [Stop Help Server] INFO  org.eclipse.jetty.server.Server - Stopped oejs.Server@6461e122{STOPPING}[12.0.9,sto=0]
2024-09-18 12:45:17,975 [Stop Help Server] INFO  o.e.jetty.server.AbstractConnector - Stopped ServerConnector@74a4f483{HTTP/1.1, (http/1.1)}{127.0.0.1:0}
